giD:\dbt\01\git\gobyes\essential-go\arrays-and-slices\main.go
D:\dbt\01\git\gobyes\essential-go\control-structures\main.go
D:\dbt\01\git\gobyes\essential-go\functions\main.go
D:\dbt\01\git\gobyes\essential-go\http-file-server\main.go
D:\dbt\01\git\gobyes\essential-go\interfaces\main.go
D:\dbt\01\git\gobyes\essential-go\json-parser\main.go
D:\dbt\01\git\gobyes\essential-go\maps\main.go
D:\dbt\01\git\gobyes\essential-go\pointers\main.go
D:\dbt\01\git\gobyes\essential-go\pub\main.go
D:\dbt\01\git\gobyes\essential-go\pub\pages\config.go
D:\dbt\01\git\gobyes\essential-go\pub\pages\page.go
D:\dbt\01\git\gobyes\essential-go\types\main.go
D:\dbt\01\git\gobyes\essential-go\variables\main.go
D:\dbt\01\git\gobyes\essential-go\your-first-go-program\main.go
D:\dbt\01\git\gobyes\example\appengine-hello\app.go
D:\dbt\01\git\gobyes\example\gotypes\weave.go
D:\dbt\01\git\gobyes\example\gotypes\defsuses\main.go
D:\dbt\01\git\gobyes\example\gotypes\doc\main.go
D:\dbt\01\git\gobyes\example\gotypes\hello\hello.go
D:\dbt\01\git\gobyes\example\gotypes\hugeparam\main.go
D:\dbt\01\git\gobyes\example\gotypes\implements\main.go
D:\dbt\01\git\gobyes\example\gotypes\lookup\lookup.go
D:\dbt\01\git\gobyes\example\gotypes\nilfunc\main.go
D:\dbt\01\git\gobyes\example\gotypes\pkginfo\main.go
D:\dbt\01\git\gobyes\example\gotypes\skeleton\main.go
D:\dbt\01\git\gobyes\example\gotypes\typeandvalue\main.go
D:\dbt\01\git\gobyes\example\hello\hello.go
D:\dbt\01\git\gobyes\example\outyet\main.go
D:\dbt\01\git\gobyes\example\outyet\main_test.go
D:\dbt\01\git\gobyes\example\stringutil\reverse.go
D:\dbt\01\git\gobyes\example\stringutil\reverse_test.go
D:\dbt\01\git\gobyes\example\template\main.go
D:\dbt\01\git\gobyes\go-cookbook\chapter1\bytestrings\buffer.go
D:\dbt\01\git\gobyes\go-cookbook\chapter1\bytestrings\buffer_test.go
D:\dbt\01\git\gobyes\go-cookbook\chapter1\bytestrings\bytes.go
D:\dbt\01\git\gobyes\go-cookbook\chapter1\bytestrings\bytes_test.go
D:\dbt\01\git\gobyes\go-cookbook\chapter1\bytestrings\string.go
D:\dbt\01\git\gobyes\go-cookbook\chapter1\bytestrings\string_test.go
D:\dbt\01\git\gobyes\go-cookbook\chapter1\bytestrings\example\main.go
D:\dbt\01\git\gobyes\go-cookbook\chapter1\csvformat\read_csv.go
D:\dbt\01\git\gobyes\go-cookbook\chapter1\csvformat\read_csv_test.go
D:\dbt\01\git\gobyes\go-cookbook\chapter1\csvformat\write_csv.go
D:\dbt\01\git\gobyes\go-cookbook\chapter1\csvformat\write_csv_test.go
D:\dbt\01\git\gobyes\go-cookbook\chapter1\csvformat\example\main.go
D:\dbt\01\git\gobyes\go-cookbook\chapter1\filedirs\dirs.go
D:\dbt\01\git\gobyes\go-cookbook\chapter1\filedirs\dirs_test.go
D:\dbt\01\git\gobyes\go-cookbook\chapter1\filedirs\files.go
D:\dbt\01\git\gobyes\go-cookbook\chapter1\filedirs\files_test.go
D:\dbt\01\git\gobyes\go-cookbook\chapter1\filedirs\example\main.go
D:\dbt\01\git\gobyes\go-cookbook\chapter1\interfaces\interfaces.go
D:\dbt\01\git\gobyes\go-cookbook\chapter1\interfaces\interfaces_test.go
D:\dbt\01\git\gobyes\go-cookbook\chapter1\interfaces\pipes.go
D:\dbt\01\git\gobyes\go-cookbook\chapter1\interfaces\pipes_test.go
D:\dbt\01\git\gobyes\go-cookbook\chapter1\interfaces\example\main.go
D:\dbt\01\git\gobyes\go-cookbook\chapter1\tempfiles\temp_files.go
D:\dbt\01\git\gobyes\go-cookbook\chapter1\tempfiles\temp_files_test.go
D:\dbt\01\git\gobyes\go-cookbook\chapter1\tempfiles\example\main.go
D:\dbt\01\git\gobyes\go-cookbook\chapter1\templates\html_templates.go
D:\dbt\01\git\gobyes\go-cookbook\chapter1\templates\html_templates_test.go
D:\dbt\01\git\gobyes\go-cookbook\chapter1\templates\templates.go
D:\dbt\01\git\gobyes\go-cookbook\chapter1\templates\templates_test.go
D:\dbt\01\git\gobyes\go-cookbook\chapter1\templates\template_files.go
D:\dbt\01\git\gobyes\go-cookbook\chapter1\templates\template_files_test.go
D:\dbt\01\git\gobyes\go-cookbook\chapter1\templates\example\main.go
D:\dbt\01\git\gobyes\go-cookbook\chapter10\consensus\config.go
D:\dbt\01\git\gobyes\go-cookbook\chapter10\consensus\config_test.go
D:\dbt\01\git\gobyes\go-cookbook\chapter10\consensus\fsm.go
D:\dbt\01\git\gobyes\go-cookbook\chapter10\consensus\fsm_test.go
D:\dbt\01\git\gobyes\go-cookbook\chapter10\consensus\handler.go
D:\dbt\01\git\gobyes\go-cookbook\chapter10\consensus\handler_test.go
D:\dbt\01\git\gobyes\go-cookbook\chapter10\consensus\state.go
D:\dbt\01\git\gobyes\go-cookbook\chapter10\consensus\state_test.go
D:\dbt\01\git\gobyes\go-cookbook\chapter10\consensus\example\main.go
D:\dbt\01\git\gobyes\go-cookbook\chapter10\discovery\client.go
D:\dbt\01\git\gobyes\go-cookbook\chapter10\discovery\client_test.go
D:\dbt\01\git\gobyes\go-cookbook\chapter10\discovery\exec.go
D:\dbt\01\git\gobyes\go-cookbook\chapter10\discovery\exec_test.go
D:\dbt\01\git\gobyes\go-cookbook\chapter10\discovery\operations.go
D:\dbt\01\git\gobyes\go-cookbook\chapter10\discovery\operations_test.go
D:\dbt\01\git\gobyes\go-cookbook\chapter10\discovery\example\main.go
D:\dbt\01\git\gobyes\go-cookbook\chapter10\docker\version.go
D:\dbt\01\git\gobyes\go-cookbook\chapter10\docker\version_test.go
D:\dbt\01\git\gobyes\go-cookbook\chapter10\docker\example\main.go
D:\dbt\01\git\gobyes\go-cookbook\chapter10\metrics\handler.go
D:\dbt\01\git\gobyes\go-cookbook\chapter10\metrics\handler_test.go
D:\dbt\01\git\gobyes\go-cookbook\chapter10\metrics\report.go
D:\dbt\01\git\gobyes\go-cookbook\chapter10\metrics\report_test.go
D:\dbt\01\git\gobyes\go-cookbook\chapter10\metrics\example\main.go
D:\dbt\01\git\gobyes\go-cookbook\chapter10\monitoring\main.go
D:\dbt\01\git\gobyes\go-cookbook\chapter10\monitoring\vendor\github.com\beorn7\perks\quantile\stream.go
D:\dbt\01\git\gobyes\go-cookbook\chapter10\monitoring\vendor\github.com\golang\protobuf\proto\clone.go
D:\dbt\01\git\gobyes\go-cookbook\chapter10\monitoring\vendor\github.com\golang\protobuf\proto\decode.go
D:\dbt\01\git\gobyes\go-cookbook\chapter10\monitoring\vendor\github.com\golang\protobuf\proto\encode.go
D:\dbt\01\git\gobyes\go-cookbook\chapter10\monitoring\vendor\github.com\golang\protobuf\proto\equal.go
D:\dbt\01\git\gobyes\go-cookbook\chapter10\monitoring\vendor\github.com\golang\protobuf\proto\extensions.go
D:\dbt\01\git\gobyes\go-cookbook\chapter10\monitoring\vendor\github.com\golang\protobuf\proto\lib.go
D:\dbt\01\git\gobyes\go-cookbook\chapter10\monitoring\vendor\github.com\golang\protobuf\proto\message_set.go
D:\dbt\01\git\gobyes\go-cookbook\chapter10\monitoring\vendor\github.com\golang\protobuf\proto\pointer_reflect.go
D:\dbt\01\git\gobyes\go-cookbook\chapter10\monitoring\vendor\github.com\golang\protobuf\proto\pointer_unsafe.go
D:\dbt\01\git\gobyes\go-cookbook\chapter10\monitoring\vendor\github.com\golang\protobuf\proto\properties.go
D:\dbt\01\git\gobyes\go-cookbook\chapter10\monitoring\vendor\github.com\golang\protobuf\proto\text.go
D:\dbt\01\git\gobyes\go-cookbook\chapter10\monitoring\vendor\github.com\golang\protobuf\proto\text_parser.go
D:\dbt\01\git\gobyes\go-cookbook\chapter10\monitoring\vendor\github.com\matttproud\golang_protobuf_extensions\pbutil\decode.go
D:\dbt\01\git\gobyes\go-cookbook\chapter10\monitoring\vendor\github.com\matttproud\golang_protobuf_extensions\pbutil\doc.go
D:\dbt\01\git\gobyes\go-cookbook\chapter10\monitoring\vendor\github.com\matttproud\golang_protobuf_extensions\pbutil\encode.go
D:\dbt\01\git\gobyes\go-cookbook\chapter10\monitoring\vendor\github.com\prometheus\client_golang\prometheus\collector.go
D:\dbt\01\git\gobyes\go-cookbook\chapter10\monitoring\vendor\github.com\prometheus\client_golang\prometheus\counter.go
D:\dbt\01\git\gobyes\go-cookbook\chapter10\monitoring\vendor\github.com\prometheus\client_golang\prometheus\desc.go
D:\dbt\01\git\gobyes\go-cookbook\chapter10\monitoring\vendor\github.com\prometheus\client_golang\prometheus\doc.go
D:\dbt\01\git\gobyes\go-cookbook\chapter10\monitoring\vendor\github.com\prometheus\client_golang\prometheus\expvar_collector.go
D:\dbt\01\git\gobyes\go-cookbook\chapter10\monitoring\vendor\github.com\prometheus\client_golang\prometheus\fnv.go
D:\dbt\01\git\gobyes\go-cookbook\chapter10\monitoring\vendor\github.com\prometheus\client_golang\prometheus\gauge.go
D:\dbt\01\git\gobyes\go-cookbook\chapter10\monitoring\vendor\github.com\prometheus\client_golang\prometheus\go_collector.go
D:\dbt\01\git\gobyes\go-cookbook\chapter10\monitoring\vendor\github.com\prometheus\client_golang\prometheus\histogram.go
D:\dbt\01\git\gobyes\go-cookbook\chapter10\monitoring\vendor\github.com\prometheus\client_golang\prometheus\http.go
D:\dbt\01\git\gobyes\go-cookbook\chapter10\monitoring\vendor\github.com\prometheus\client_golang\prometheus\metric.go
D:\dbt\01\git\gobyes\go-cookbook\chapter10\monitoring\vendor\github.com\prometheus\client_golang\prometheus\observer.go
D:\dbt\01\git\gobyes\go-cookbook\chapter10\monitoring\vendor\github.com\prometheus\client_golang\prometheus\process_collector.go
D:\dbt\01\git\gobyes\go-cookbook\chapter10\monitoring\vendor\github.com\prometheus\client_golang\prometheus\registry.go
D:\dbt\01\git\gobyes\go-cookbook\chapter10\monitoring\vendor\github.com\prometheus\client_golang\prometheus\summary.go
D:\dbt\01\git\gobyes\go-cookbook\chapter10\monitoring\vendor\github.com\prometheus\client_golang\prometheus\timer.go
D:\dbt\01\git\gobyes\go-cookbook\chapter10\monitoring\vendor\github.com\prometheus\client_golang\prometheus\untyped.go
D:\dbt\01\git\gobyes\go-cookbook\chapter10\monitoring\vendor\github.com\prometheus\client_golang\prometheus\value.go
D:\dbt\01\git\gobyes\go-cookbook\chapter10\monitoring\vendor\github.com\prometheus\client_golang\prometheus\vec.go
D:\dbt\01\git\gobyes\go-cookbook\chapter10\monitoring\vendor\github.com\prometheus\client_golang\prometheus\promhttp\delegator_1_7.go
D:\dbt\01\git\gobyes\go-cookbook\chapter10\monitoring\vendor\github.com\prometheus\client_golang\prometheus\promhttp\delegator_1_8.go
D:\dbt\01\git\gobyes\go-cookbook\chapter10\monitoring\vendor\github.com\prometheus\client_golang\prometheus\promhttp\http.go
D:\dbt\01\git\gobyes\go-cookbook\chapter10\monitoring\vendor\github.com\prometheus\client_golang\prometheus\promhttp\instrument_server.go
D:\dbt\01\git\gobyes\go-cookbook\chapter10\monitoring\vendor\github.com\prometheus\client_model\go\metrics.pb.go
D:\dbt\01\git\gobyes\go-cookbook\chapter10\monitoring\vendor\github.com\prometheus\common\expfmt\decode.go
D:\dbt\01\git\gobyes\go-cookbook\chapter10\monitoring\vendor\github.com\prometheus\common\expfmt\encode.go
D:\dbt\01\git\gobyes\go-cookbook\chapter10\monitoring\vendor\github.com\prometheus\common\expfmt\expfmt.go
D:\dbt\01\git\gobyes\go-cookbook\chapter10\monitoring\vendor\github.com\prometheus\common\expfmt\fuzz.go
D:\dbt\01\git\gobyes\go-cookbook\chapter10\monitoring\vendor\github.com\prometheus\common\expfmt\text_create.go
D:\dbt\01\git\gobyes\go-cookbook\chapter10\monitoring\vendor\github.com\prometheus\common\expfmt\text_parse.go
D:\dbt\01\git\gobyes\go-cookbook\chapter10\monitoring\vendor\github.com\prometheus\common\internal\bitbucket.org\ww\goautoneg\autoneg.go
D:\dbt\01\git\gobyes\go-cookbook\chapter10\monitoring\vendor\github.com\prometheus\common\model\alert.go
D:\dbt\01\git\gobyes\go-cookbook\chapter10\monitoring\vendor\github.com\prometheus\common\model\fingerprinting.go
D:\dbt\01\git\gobyes\go-cookbook\chapter10\monitoring\vendor\github.com\prometheus\common\model\fnv.go
D:\dbt\01\git\gobyes\go-cookbook\chapter10\monitoring\vendor\github.com\prometheus\common\model\labels.go
D:\dbt\01\git\gobyes\go-cookbook\chapter10\monitoring\vendor\github.com\prometheus\common\model\labelset.go
D:\dbt\01\git\gobyes\go-cookbook\chapter10\monitoring\vendor\github.com\prometheus\common\model\metric.go
D:\dbt\01\git\gobyes\go-cookbook\chapter10\monitoring\vendor\github.com\prometheus\common\model\model.go
D:\dbt\01\git\gobyes\go-cookbook\chapter10\monitoring\vendor\github.com\prometheus\common\model\signature.go
D:\dbt\01\git\gobyes\go-cookbook\chapter10\monitoring\vendor\github.com\prometheus\common\model\silence.go
D:\dbt\01\git\gobyes\go-cookbook\chapter10\monitoring\vendor\github.com\prometheus\common\model\time.go
D:\dbt\01\git\gobyes\go-cookbook\chapter10\monitoring\vendor\github.com\prometheus\common\model\value.go
D:\dbt\01\git\gobyes\go-cookbook\chapter10\monitoring\vendor\github.com\prometheus\procfs\buddyinfo.go
D:\dbt\01\git\gobyes\go-cookbook\chapter10\monitoring\vendor\github.com\prometheus\procfs\doc.go
D:\dbt\01\git\gobyes\go-cookbook\chapter10\monitoring\vendor\github.com\prometheus\procfs\fs.go
D:\dbt\01\git\gobyes\go-cookbook\chapter10\monitoring\vendor\github.com\prometheus\procfs\ipvs.go
D:\dbt\01\git\gobyes\go-cookbook\chapter10\monitoring\vendor\github.com\prometheus\procfs\mdstat.go
D:\dbt\01\git\gobyes\go-cookbook\chapter10\monitoring\vendor\github.com\prometheus\procfs\mountstats.go
D:\dbt\01\git\gobyes\go-cookbook\chapter10\monitoring\vendor\github.com\prometheus\procfs\proc.go
D:\dbt\01\git\gobyes\go-cookbook\chapter10\monitoring\vendor\github.com\prometheus\procfs\proc_io.go
D:\dbt\01\git\gobyes\go-cookbook\chapter10\monitoring\vendor\github.com\prometheus\procfs\proc_limits.go
D:\dbt\01\git\gobyes\go-cookbook\chapter10\monitoring\vendor\github.com\prometheus\procfs\proc_stat.go
D:\dbt\01\git\gobyes\go-cookbook\chapter10\monitoring\vendor\github.com\prometheus\procfs\stat.go
D:\dbt\01\git\gobyes\go-cookbook\chapter10\monitoring\vendor\github.com\prometheus\procfs\xfs\parse.go
D:\dbt\01\git\gobyes\go-cookbook\chapter10\monitoring\vendor\github.com\prometheus\procfs\xfs\xfs.go
D:\dbt\01\git\gobyes\go-cookbook\chapter10\orchestrate\mongo.go
D:\dbt\01\git\gobyes\go-cookbook\chapter10\orchestrate\mongo_test.go
D:\dbt\01\git\gobyes\go-cookbook\chapter10\orchestrate\example\main.go
D:\dbt\01\git\gobyes\go-cookbook\chapter10\orchestrate\vendor\gopkg.in\mgo.v2\auth.go
D:\dbt\01\git\gobyes\go-cookbook\chapter10\orchestrate\vendor\gopkg.in\mgo.v2\bulk.go
D:\dbt\01\git\gobyes\go-cookbook\chapter10\orchestrate\vendor\gopkg.in\mgo.v2\cluster.go
D:\dbt\01\git\gobyes\go-cookbook\chapter10\orchestrate\vendor\gopkg.in\mgo.v2\doc.go
D:\dbt\01\git\gobyes\go-cookbook\chapter10\orchestrate\vendor\gopkg.in\mgo.v2\gridfs.go
D:\dbt\01\git\gobyes\go-cookbook\chapter10\orchestrate\vendor\gopkg.in\mgo.v2\log.go
D:\dbt\01\git\gobyes\go-cookbook\chapter10\orchestrate\vendor\gopkg.in\mgo.v2\queue.go
D:\dbt\01\git\gobyes\go-cookbook\chapter10\orchestrate\vendor\gopkg.in\mgo.v2\raceoff.go
D:\dbt\01\git\gobyes\go-cookbook\chapter10\orchestrate\vendor\gopkg.in\mgo.v2\raceon.go
D:\dbt\01\git\gobyes\go-cookbook\chapter10\orchestrate\vendor\gopkg.in\mgo.v2\saslimpl.go
D:\dbt\01\git\gobyes\go-cookbook\chapter10\orchestrate\vendor\gopkg.in\mgo.v2\saslstub.go
D:\dbt\01\git\gobyes\go-cookbook\chapter10\orchestrate\vendor\gopkg.in\mgo.v2\server.go
D:\dbt\01\git\gobyes\go-cookbook\chapter10\orchestrate\vendor\gopkg.in\mgo.v2\session.go
D:\dbt\01\git\gobyes\go-cookbook\chapter10\orchestrate\vendor\gopkg.in\mgo.v2\socket.go
D:\dbt\01\git\gobyes\go-cookbook\chapter10\orchestrate\vendor\gopkg.in\mgo.v2\stats.go
D:\dbt\01\git\gobyes\go-cookbook\chapter10\orchestrate\vendor\gopkg.in\mgo.v2\bson\bson.go
D:\dbt\01\git\gobyes\go-cookbook\chapter10\orchestrate\vendor\gopkg.in\mgo.v2\bson\decimal.go
D:\dbt\01\git\gobyes\go-cookbook\chapter10\orchestrate\vendor\gopkg.in\mgo.v2\bson\decode.go
D:\dbt\01\git\gobyes\go-cookbook\chapter10\orchestrate\vendor\gopkg.in\mgo.v2\bson\encode.go
D:\dbt\01\git\gobyes\go-cookbook\chapter10\orchestrate\vendor\gopkg.in\mgo.v2\bson\json.go
D:\dbt\01\git\gobyes\go-cookbook\chapter10\orchestrate\vendor\gopkg.in\mgo.v2\internal\json\decode.go
D:\dbt\01\git\gobyes\go-cookbook\chapter10\orchestrate\vendor\gopkg.in\mgo.v2\internal\json\encode.go
D:\dbt\01\git\gobyes\go-cookbook\chapter10\orchestrate\vendor\gopkg.in\mgo.v2\internal\json\extension.go
D:\dbt\01\git\gobyes\go-cookbook\chapter10\orchestrate\vendor\gopkg.in\mgo.v2\internal\json\fold.go
D:\dbt\01\git\gobyes\go-cookbook\chapter10\orchestrate\vendor\gopkg.in\mgo.v2\internal\json\indent.go
D:\dbt\01\git\gobyes\go-cookbook\chapter10\orchestrate\vendor\gopkg.in\mgo.v2\internal\json\scanner.go
D:\dbt\01\git\gobyes\go-cookbook\chapter10\orchestrate\vendor\gopkg.in\mgo.v2\internal\json\stream.go
D:\dbt\01\git\gobyes\go-cookbook\chapter10\orchestrate\vendor\gopkg.in\mgo.v2\internal\json\tags.go
D:\dbt\01\git\gobyes\go-cookbook\chapter10\orchestrate\vendor\gopkg.in\mgo.v2\internal\sasl\sasl.go
D:\dbt\01\git\gobyes\go-cookbook\chapter10\orchestrate\vendor\gopkg.in\mgo.v2\internal\sasl\sasl_windows.go
D:\dbt\01\git\gobyes\go-cookbook\chapter10\orchestrate\vendor\gopkg.in\mgo.v2\internal\scram\scram.go
D:\dbt\01\git\gobyes\go-cookbook\chapter11\asynckafka\consumer\main.go
D:\dbt\01\git\gobyes\go-cookbook\chapter11\asynckafka\producer\handler.go
D:\dbt\01\git\gobyes\go-cookbook\chapter11\asynckafka\producer\handler_test.go
D:\dbt\01\git\gobyes\go-cookbook\chapter11\asynckafka\producer\main.go
D:\dbt\01\git\gobyes\go-cookbook\chapter11\asynckafka\producer\mocks_test.go
D:\dbt\01\git\gobyes\go-cookbook\chapter11\asynckafka\producer\producer.go
D:\dbt\01\git\gobyes\go-cookbook\chapter11\asynckafka\producer\producer_test.go
D:\dbt\01\git\gobyes\go-cookbook\chapter11\goflow\components.go
D:\dbt\01\git\gobyes\go-cookbook\chapter11\goflow\components_test.go
D:\dbt\01\git\gobyes\go-cookbook\chapter11\goflow\network.go
D:\dbt\01\git\gobyes\go-cookbook\chapter11\goflow\network_test.go
D:\dbt\01\git\gobyes\go-cookbook\chapter11\goflow\example\main.go
D:\dbt\01\git\gobyes\go-cookbook\chapter11\graphql\cards\card.go
D:\dbt\01\git\gobyes\go-cookbook\chapter11\graphql\cards\resolve.go
D:\dbt\01\git\gobyes\go-cookbook\chapter11\graphql\cards\resolve_test.go
D:\dbt\01\git\gobyes\go-cookbook\chapter11\graphql\cards\schema.go
D:\dbt\01\git\gobyes\go-cookbook\chapter11\graphql\cards\schema_test.go
D:\dbt\01\git\gobyes\go-cookbook\chapter11\graphql\cards\type.go
D:\dbt\01\git\gobyes\go-cookbook\chapter11\graphql\cards\type_test.go
D:\dbt\01\git\gobyes\go-cookbook\chapter11\graphql\example\main.go
D:\dbt\01\git\gobyes\go-cookbook\chapter11\kafkaflow\components.go
D:\dbt\01\git\gobyes\go-cookbook\chapter11\kafkaflow\components_test.go
D:\dbt\01\git\gobyes\go-cookbook\chapter11\kafkaflow\network.go
D:\dbt\01\git\gobyes\go-cookbook\chapter11\kafkaflow\network_test.go
D:\dbt\01\git\gobyes\go-cookbook\chapter11\kafkaflow\consumer\main.go
D:\dbt\01\git\gobyes\go-cookbook\chapter11\kafkaflow\producer\main.go
D:\dbt\01\git\gobyes\go-cookbook\chapter11\reactive\exec.go
D:\dbt\01\git\gobyes\go-cookbook\chapter11\reactive\exec_test.go
D:\dbt\01\git\gobyes\go-cookbook\chapter11\reactive\wine.go
D:\dbt\01\git\gobyes\go-cookbook\chapter11\reactive\wine_test.go
D:\dbt\01\git\gobyes\go-cookbook\chapter11\reactive\example\main.go
D:\dbt\01\git\gobyes\go-cookbook\chapter11\synckafka\consumer\main.go
D:\dbt\01\git\gobyes\go-cookbook\chapter11\synckafka\producer\main.go
D:\dbt\01\git\gobyes\go-cookbook\chapter12\appengine\controller.go
D:\dbt\01\git\gobyes\go-cookbook\chapter12\appengine\controller_test.go
D:\dbt\01\git\gobyes\go-cookbook\chapter12\appengine\main.go
D:\dbt\01\git\gobyes\go-cookbook\chapter12\appengine\message.go
D:\dbt\01\git\gobyes\go-cookbook\chapter12\appengine\message_test.go
D:\dbt\01\git\gobyes\go-cookbook\chapter12\firebase\auth.go
D:\dbt\01\git\gobyes\go-cookbook\chapter12\firebase\auth_test.go
D:\dbt\01\git\gobyes\go-cookbook\chapter12\firebase\client.go
D:\dbt\01\git\gobyes\go-cookbook\chapter12\firebase\client_test.go
D:\dbt\01\git\gobyes\go-cookbook\chapter12\firebase\example\main.go
D:\dbt\01\git\gobyes\go-cookbook\chapter12\lambda\functions\greeter1\main.go
D:\dbt\01\git\gobyes\go-cookbook\chapter12\lambda\functions\greeter2\main.go
D:\dbt\01\git\gobyes\go-cookbook\chapter12\logging\functions\secret\main.go
D:\dbt\01\git\gobyes\go-cookbook\chapter13\bench\atomic.go
D:\dbt\01\git\gobyes\go-cookbook\chapter13\bench\atomic_test.go
D:\dbt\01\git\gobyes\go-cookbook\chapter13\bench\lock.go
D:\dbt\01\git\gobyes\go-cookbook\chapter13\bench\lock_test.go
D:\dbt\01\git\gobyes\go-cookbook\chapter13\fastweb\handlers.go
D:\dbt\01\git\gobyes\go-cookbook\chapter13\fastweb\handlers_test.go
D:\dbt\01\git\gobyes\go-cookbook\chapter13\fastweb\items.go
D:\dbt\01\git\gobyes\go-cookbook\chapter13\fastweb\items_test.go
D:\dbt\01\git\gobyes\go-cookbook\chapter13\fastweb\main.go
D:\dbt\01\git\gobyes\go-cookbook\chapter13\pprof\crypto\handler.go
D:\dbt\01\git\gobyes\go-cookbook\chapter13\pprof\crypto\handler_test.go
D:\dbt\01\git\gobyes\go-cookbook\chapter13\pprof\example\main.go
D:\dbt\01\git\gobyes\go-cookbook\chapter13\tuning\concat.go
D:\dbt\01\git\gobyes\go-cookbook\chapter13\tuning\concat_test.go
D:\dbt\01\git\gobyes\go-cookbook\chapter13\tuning\join.go
D:\dbt\01\git\gobyes\go-cookbook\chapter13\tuning\join_test.go
D:\dbt\01\git\gobyes\go-cookbook\chapter13\vendoring\main.go
D:\dbt\01\git\gobyes\go-cookbook\chapter13\vendoring\handlers\controller.go
D:\dbt\01\git\gobyes\go-cookbook\chapter13\vendoring\handlers\controller_test.go
D:\dbt\01\git\gobyes\go-cookbook\chapter13\vendoring\handlers\get.go
D:\dbt\01\git\gobyes\go-cookbook\chapter13\vendoring\handlers\get_test.go
D:\dbt\01\git\gobyes\go-cookbook\chapter13\vendoring\handlers\set.go
D:\dbt\01\git\gobyes\go-cookbook\chapter13\vendoring\handlers\set_test.go
D:\dbt\01\git\gobyes\go-cookbook\chapter13\vendoring\models\models.go
D:\dbt\01\git\gobyes\go-cookbook\chapter13\vendoring\models\models_test.go
D:\dbt\01\git\gobyes\go-cookbook\chapter13\vendoring\vendor\github.com\sirupsen\logrus\alt_exit.go
D:\dbt\01\git\gobyes\go-cookbook\chapter13\vendoring\vendor\github.com\sirupsen\logrus\doc.go
D:\dbt\01\git\gobyes\go-cookbook\chapter13\vendoring\vendor\github.com\sirupsen\logrus\entry.go
D:\dbt\01\git\gobyes\go-cookbook\chapter13\vendoring\vendor\github.com\sirupsen\logrus\exported.go
D:\dbt\01\git\gobyes\go-cookbook\chapter13\vendoring\vendor\github.com\sirupsen\logrus\formatter.go
D:\dbt\01\git\gobyes\go-cookbook\chapter13\vendoring\vendor\github.com\sirupsen\logrus\hooks.go
D:\dbt\01\git\gobyes\go-cookbook\chapter13\vendoring\vendor\github.com\sirupsen\logrus\json_formatter.go
D:\dbt\01\git\gobyes\go-cookbook\chapter13\vendoring\vendor\github.com\sirupsen\logrus\logger.go
D:\dbt\01\git\gobyes\go-cookbook\chapter13\vendoring\vendor\github.com\sirupsen\logrus\logrus.go
D:\dbt\01\git\gobyes\go-cookbook\chapter13\vendoring\vendor\github.com\sirupsen\logrus\terminal_appengine.go
D:\dbt\01\git\gobyes\go-cookbook\chapter13\vendoring\vendor\github.com\sirupsen\logrus\terminal_bsd.go
D:\dbt\01\git\gobyes\go-cookbook\chapter13\vendoring\vendor\github.com\sirupsen\logrus\terminal_linux.go
D:\dbt\01\git\gobyes\go-cookbook\chapter13\vendoring\vendor\github.com\sirupsen\logrus\terminal_notwindows.go
D:\dbt\01\git\gobyes\go-cookbook\chapter13\vendoring\vendor\github.com\sirupsen\logrus\terminal_solaris.go
D:\dbt\01\git\gobyes\go-cookbook\chapter13\vendoring\vendor\github.com\sirupsen\logrus\terminal_windows.go
D:\dbt\01\git\gobyes\go-cookbook\chapter13\vendoring\vendor\github.com\sirupsen\logrus\text_formatter.go
D:\dbt\01\git\gobyes\go-cookbook\chapter13\vendoring\vendor\github.com\sirupsen\logrus\writer.go
D:\dbt\01\git\gobyes\go-cookbook\chapter13\vendoring\vendor\golang.org\x\sys\unix\bluetooth_linux.go
D:\dbt\01\git\gobyes\go-cookbook\chapter13\vendoring\vendor\golang.org\x\sys\unix\constants.go
D:\dbt\01\git\gobyes\go-cookbook\chapter13\vendoring\vendor\golang.org\x\sys\unix\dirent.go
D:\dbt\01\git\gobyes\go-cookbook\chapter13\vendoring\vendor\golang.org\x\sys\unix\endian_big.go
D:\dbt\01\git\gobyes\go-cookbook\chapter13\vendoring\vendor\golang.org\x\sys\unix\endian_little.go
D:\dbt\01\git\gobyes\go-cookbook\chapter13\vendoring\vendor\golang.org\x\sys\unix\env_unix.go
D:\dbt\01\git\gobyes\go-cookbook\chapter13\vendoring\vendor\golang.org\x\sys\unix\env_unset.go
D:\dbt\01\git\gobyes\go-cookbook\chapter13\vendoring\vendor\golang.org\x\sys\unix\flock.go
D:\dbt\01\git\gobyes\go-cookbook\chapter13\vendoring\vendor\golang.org\x\sys\unix\flock_linux_32bit.go
D:\dbt\01\git\gobyes\go-cookbook\chapter13\vendoring\vendor\golang.org\x\sys\unix\gccgo.go
D:\dbt\01\git\gobyes\go-cookbook\chapter13\vendoring\vendor\golang.org\x\sys\unix\gccgo_linux_amd64.go
D:\dbt\01\git\gobyes\go-cookbook\chapter13\vendoring\vendor\golang.org\x\sys\unix\gccgo_linux_sparc64.go
D:\dbt\01\git\gobyes\go-cookbook\chapter13\vendoring\vendor\golang.org\x\sys\unix\mkpost.go
D:\dbt\01\git\gobyes\go-cookbook\chapter13\vendoring\vendor\golang.org\x\sys\unix\openbsd_pledge.go
D:\dbt\01\git\gobyes\go-cookbook\chapter13\vendoring\vendor\golang.org\x\sys\unix\race.go
D:\dbt\01\git\gobyes\go-cookbook\chapter13\vendoring\vendor\golang.org\x\sys\unix\race0.go
D:\dbt\01\git\gobyes\go-cookbook\chapter13\vendoring\vendor\golang.org\x\sys\unix\sockcmsg_linux.go
D:\dbt\01\git\gobyes\go-cookbook\chapter13\vendoring\vendor\golang.org\x\sys\unix\sockcmsg_unix.go
D:\dbt\01\git\gobyes\go-cookbook\chapter13\vendoring\vendor\golang.org\x\sys\unix\str.go
D:\dbt\01\git\gobyes\go-cookbook\chapter13\vendoring\vendor\golang.org\x\sys\unix\syscall.go
D:\dbt\01\git\gobyes\go-cookbook\chapter13\vendoring\vendor\golang.org\x\sys\unix\syscall_bsd.go
D:\dbt\01\git\gobyes\go-cookbook\chapter13\vendoring\vendor\golang.org\x\sys\unix\syscall_darwin.go
D:\dbt\01\git\gobyes\go-cookbook\chapter13\vendoring\vendor\golang.org\x\sys\unix\syscall_darwin_386.go
D:\dbt\01\git\gobyes\go-cookbook\chapter13\vendoring\vendor\golang.org\x\sys\unix\syscall_darwin_amd64.go
D:\dbt\01\git\gobyes\go-cookbook\chapter13\vendoring\vendor\golang.org\x\sys\unix\syscall_darwin_arm.go
D:\dbt\01\git\gobyes\go-cookbook\chapter13\vendoring\vendor\golang.org\x\sys\unix\syscall_darwin_arm64.go
D:\dbt\01\git\gobyes\go-cookbook\chapter13\vendoring\vendor\golang.org\x\sys\unix\syscall_dragonfly.go
D:\dbt\01\git\gobyes\go-cookbook\chapter13\vendoring\vendor\golang.org\x\sys\unix\syscall_dragonfly_amd64.go
D:\dbt\01\git\gobyes\go-cookbook\chapter13\vendoring\vendor\golang.org\x\sys\unix\syscall_freebsd.go
D:\dbt\01\git\gobyes\go-cookbook\chapter13\vendoring\vendor\golang.org\x\sys\unix\syscall_freebsd_386.go
D:\dbt\01\git\gobyes\go-cookbook\chapter13\vendoring\vendor\golang.org\x\sys\unix\syscall_freebsd_amd64.go
D:\dbt\01\git\gobyes\go-cookbook\chapter13\vendoring\vendor\golang.org\x\sys\unix\syscall_freebsd_arm.go
D:\dbt\01\git\gobyes\go-cookbook\chapter13\vendoring\vendor\golang.org\x\sys\unix\syscall_linux.go
D:\dbt\01\git\gobyes\go-cookbook\chapter13\vendoring\vendor\golang.org\x\sys\unix\syscall_linux_386.go
D:\dbt\01\git\gobyes\go-cookbook\chapter13\vendoring\vendor\golang.org\x\sys\unix\syscall_linux_amd64.go
D:\dbt\01\git\gobyes\go-cookbook\chapter13\vendoring\vendor\golang.org\x\sys\unix\syscall_linux_amd64_gc.go
D:\dbt\01\git\gobyes\go-cookbook\chapter13\vendoring\vendor\golang.org\x\sys\unix\syscall_linux_arm.go
D:\dbt\01\git\gobyes\go-cookbook\chapter13\vendoring\vendor\golang.org\x\sys\unix\syscall_linux_arm64.go
D:\dbt\01\git\gobyes\go-cookbook\chapter13\vendoring\vendor\golang.org\x\sys\unix\syscall_linux_mips64x.go
D:\dbt\01\git\gobyes\go-cookbook\chapter13\vendoring\vendor\golang.org\x\sys\unix\syscall_linux_mipsx.go
D:\dbt\01\git\gobyes\go-cookbook\chapter13\vendoring\vendor\golang.org\x\sys\unix\syscall_linux_ppc64x.go
D:\dbt\01\git\gobyes\go-cookbook\chapter13\vendoring\vendor\golang.org\x\sys\unix\syscall_linux_s390x.go
D:\dbt\01\git\gobyes\go-cookbook\chapter13\vendoring\vendor\golang.org\x\sys\unix\syscall_linux_sparc64.go
D:\dbt\01\git\gobyes\go-cookbook\chapter13\vendoring\vendor\golang.org\x\sys\unix\syscall_netbsd.go
D:\dbt\01\git\gobyes\go-cookbook\chapter13\vendoring\vendor\golang.org\x\sys\unix\syscall_netbsd_386.go
D:\dbt\01\git\gobyes\go-cookbook\chapter13\vendoring\vendor\golang.org\x\sys\unix\syscall_netbsd_amd64.go
D:\dbt\01\git\gobyes\go-cookbook\chapter13\vendoring\vendor\golang.org\x\sys\unix\syscall_netbsd_arm.go
D:\dbt\01\git\gobyes\go-cookbook\chapter13\vendoring\vendor\golang.org\x\sys\unix\syscall_no_getwd.go
D:\dbt\01\git\gobyes\go-cookbook\chapter13\vendoring\vendor\golang.org\x\sys\unix\syscall_openbsd.go
D:\dbt\01\git\gobyes\go-cookbook\chapter13\vendoring\vendor\golang.org\x\sys\unix\syscall_openbsd_386.go
D:\dbt\01\git\gobyes\go-cookbook\chapter13\vendoring\vendor\golang.org\x\sys\unix\syscall_openbsd_amd64.go
D:\dbt\01\git\gobyes\go-cookbook\chapter13\vendoring\vendor\golang.org\x\sys\unix\syscall_solaris.go
D:\dbt\01\git\gobyes\go-cookbook\chapter13\vendoring\vendor\golang.org\x\sys\unix\syscall_solaris_amd64.go
D:\dbt\01\git\gobyes\go-cookbook\chapter13\vendoring\vendor\golang.org\x\sys\unix\syscall_unix.go
D:\dbt\01\git\gobyes\go-cookbook\chapter13\vendoring\vendor\golang.org\x\sys\unix\syscall_unix_gc.go
D:\dbt\01\git\gobyes\go-cookbook\chapter13\vendoring\vendor\golang.org\x\sys\unix\types_darwin.go
D:\dbt\01\git\gobyes\go-cookbook\chapter13\vendoring\vendor\golang.org\x\sys\unix\types_dragonfly.go
D:\dbt\01\git\gobyes\go-cookbook\chapter13\vendoring\vendor\golang.org\x\sys\unix\types_freebsd.go
D:\dbt\01\git\gobyes\go-cookbook\chapter13\vendoring\vendor\golang.org\x\sys\unix\types_netbsd.go
D:\dbt\01\git\gobyes\go-cookbook\chapter13\vendoring\vendor\golang.org\x\sys\unix\types_openbsd.go
D:\dbt\01\git\gobyes\go-cookbook\chapter13\vendoring\vendor\golang.org\x\sys\unix\types_solaris.go
D:\dbt\01\git\gobyes\go-cookbook\chapter13\vendoring\vendor\golang.org\x\sys\unix\zerrors_darwin_386.go
D:\dbt\01\git\gobyes\go-cookbook\chapter13\vendoring\vendor\golang.org\x\sys\unix\zerrors_darwin_amd64.go
D:\dbt\01\git\gobyes\go-cookbook\chapter13\vendoring\vendor\golang.org\x\sys\unix\zerrors_darwin_arm.go
D:\dbt\01\git\gobyes\go-cookbook\chapter13\vendoring\vendor\golang.org\x\sys\unix\zerrors_darwin_arm64.go
D:\dbt\01\git\gobyes\go-cookbook\chapter13\vendoring\vendor\golang.org\x\sys\unix\zerrors_dragonfly_amd64.go
D:\dbt\01\git\gobyes\go-cookbook\chapter13\vendoring\vendor\golang.org\x\sys\unix\zerrors_freebsd_386.go
D:\dbt\01\git\gobyes\go-cookbook\chapter13\vendoring\vendor\golang.org\x\sys\unix\zerrors_freebsd_amd64.go
D:\dbt\01\git\gobyes\go-cookbook\chapter13\vendoring\vendor\golang.org\x\sys\unix\zerrors_freebsd_arm.go
D:\dbt\01\git\gobyes\go-cookbook\chapter13\vendoring\vendor\golang.org\x\sys\unix\zerrors_linux_386.go
D:\dbt\01\git\gobyes\go-cookbook\chapter13\vendoring\vendor\golang.org\x\sys\unix\zerrors_linux_amd64.go
D:\dbt\01\git\gobyes\go-cookbook\chapter13\vendoring\vendor\golang.org\x\sys\unix\zerrors_linux_arm.go
D:\dbt\01\git\gobyes\go-cookbook\chapter13\vendoring\vendor\golang.org\x\sys\unix\zerrors_linux_arm64.go
D:\dbt\01\git\gobyes\go-cookbook\chapter13\vendoring\vendor\golang.org\x\sys\unix\zerrors_linux_mips.go
D:\dbt\01\git\gobyes\go-cookbook\chapter13\vendoring\vendor\golang.org\x\sys\unix\zerrors_linux_mips64.go
D:\dbt\01\git\gobyes\go-cookbook\chapter13\vendoring\vendor\golang.org\x\sys\unix\zerrors_linux_mips64le.go
D:\dbt\01\git\gobyes\go-cookbook\chapter13\vendoring\vendor\golang.org\x\sys\unix\zerrors_linux_mipsle.go
D:\dbt\01\git\gobyes\go-cookbook\chapter13\vendoring\vendor\golang.org\x\sys\unix\zerrors_linux_ppc64.go
D:\dbt\01\git\gobyes\go-cookbook\chapter13\vendoring\vendor\golang.org\x\sys\unix\zerrors_linux_ppc64le.go
D:\dbt\01\git\gobyes\go-cookbook\chapter13\vendoring\vendor\golang.org\x\sys\unix\zerrors_linux_s390x.go
D:\dbt\01\git\gobyes\go-cookbook\chapter13\vendoring\vendor\golang.org\x\sys\unix\zerrors_linux_sparc64.go
D:\dbt\01\git\gobyes\go-cookbook\chapter13\vendoring\vendor\golang.org\x\sys\unix\zerrors_netbsd_386.go
D:\dbt\01\git\gobyes\go-cookbook\chapter13\vendoring\vendor\golang.org\x\sys\unix\zerrors_netbsd_amd64.go
D:\dbt\01\git\gobyes\go-cookbook\chapter13\vendoring\vendor\golang.org\x\sys\unix\zerrors_netbsd_arm.go
D:\dbt\01\git\gobyes\go-cookbook\chapter13\vendoring\vendor\golang.org\x\sys\unix\zerrors_openbsd_386.go
D:\dbt\01\git\gobyes\go-cookbook\chapter13\vendoring\vendor\golang.org\x\sys\unix\zerrors_openbsd_amd64.go
D:\dbt\01\git\gobyes\go-cookbook\chapter13\vendoring\vendor\golang.org\x\sys\unix\zerrors_solaris_amd64.go
D:\dbt\01\git\gobyes\go-cookbook\chapter13\vendoring\vendor\golang.org\x\sys\unix\zsyscall_darwin_386.go
D:\dbt\01\git\gobyes\go-cookbook\chapter13\vendoring\vendor\golang.org\x\sys\unix\zsyscall_darwin_amd64.go
D:\dbt\01\git\gobyes\go-cookbook\chapter13\vendoring\vendor\golang.org\x\sys\unix\zsyscall_darwin_arm.go
D:\dbt\01\git\gobyes\go-cookbook\chapter13\vendoring\vendor\golang.org\x\sys\unix\zsyscall_darwin_arm64.go
D:\dbt\01\git\gobyes\go-cookbook\chapter13\vendoring\vendor\golang.org\x\sys\unix\zsyscall_dragonfly_amd64.go
D:\dbt\01\git\gobyes\go-cookbook\chapter13\vendoring\vendor\golang.org\x\sys\unix\zsyscall_freebsd_386.go
D:\dbt\01\git\gobyes\go-cookbook\chapter13\vendoring\vendor\golang.org\x\sys\unix\zsyscall_freebsd_amd64.go
D:\dbt\01\git\gobyes\go-cookbook\chapter13\vendoring\vendor\golang.org\x\sys\unix\zsyscall_freebsd_arm.go
D:\dbt\01\git\gobyes\go-cookbook\chapter13\vendoring\vendor\golang.org\x\sys\unix\zsyscall_linux_386.go
D:\dbt\01\git\gobyes\go-cookbook\chapter13\vendoring\vendor\golang.org\x\sys\unix\zsyscall_linux_amd64.go
D:\dbt\01\git\gobyes\go-cookbook\chapter13\vendoring\vendor\golang.org\x\sys\unix\zsyscall_linux_arm.go
D:\dbt\01\git\gobyes\go-cookbook\chapter13\vendoring\vendor\golang.org\x\sys\unix\zsyscall_linux_arm64.go
D:\dbt\01\git\gobyes\go-cookbook\chapter13\vendoring\vendor\golang.org\x\sys\unix\zsyscall_linux_mips.go
D:\dbt\01\git\gobyes\go-cookbook\chapter13\vendoring\vendor\golang.org\x\sys\unix\zsyscall_linux_mips64.go
D:\dbt\01\git\gobyes\go-cookbook\chapter13\vendoring\vendor\golang.org\x\sys\unix\zsyscall_linux_mips64le.go
D:\dbt\01\git\gobyes\go-cookbook\chapter13\vendoring\vendor\golang.org\x\sys\unix\zsyscall_linux_mipsle.go
D:\dbt\01\git\gobyes\go-cookbook\chapter13\vendoring\vendor\golang.org\x\sys\unix\zsyscall_linux_ppc64.go
D:\dbt\01\git\gobyes\go-cookbook\chapter13\vendoring\vendor\golang.org\x\sys\unix\zsyscall_linux_ppc64le.go
D:\dbt\01\git\gobyes\go-cookbook\chapter13\vendoring\vendor\golang.org\x\sys\unix\zsyscall_linux_s390x.go
D:\dbt\01\git\gobyes\go-cookbook\chapter13\vendoring\vendor\golang.org\x\sys\unix\zsyscall_linux_sparc64.go
D:\dbt\01\git\gobyes\go-cookbook\chapter13\vendoring\vendor\golang.org\x\sys\unix\zsyscall_netbsd_386.go
D:\dbt\01\git\gobyes\go-cookbook\chapter13\vendoring\vendor\golang.org\x\sys\unix\zsyscall_netbsd_amd64.go
D:\dbt\01\git\gobyes\go-cookbook\chapter13\vendoring\vendor\golang.org\x\sys\unix\zsyscall_netbsd_arm.go
D:\dbt\01\git\gobyes\go-cookbook\chapter13\vendoring\vendor\golang.org\x\sys\unix\zsyscall_openbsd_386.go
D:\dbt\01\git\gobyes\go-cookbook\chapter13\vendoring\vendor\golang.org\x\sys\unix\zsyscall_openbsd_amd64.go
D:\dbt\01\git\gobyes\go-cookbook\chapter13\vendoring\vendor\golang.org\x\sys\unix\zsyscall_solaris_amd64.go
D:\dbt\01\git\gobyes\go-cookbook\chapter13\vendoring\vendor\golang.org\x\sys\unix\zsysctl_openbsd.go
D:\dbt\01\git\gobyes\go-cookbook\chapter13\vendoring\vendor\golang.org\x\sys\unix\zsysnum_darwin_386.go
D:\dbt\01\git\gobyes\go-cookbook\chapter13\vendoring\vendor\golang.org\x\sys\unix\zsysnum_darwin_amd64.go
D:\dbt\01\git\gobyes\go-cookbook\chapter13\vendoring\vendor\golang.org\x\sys\unix\zsysnum_darwin_arm.go
D:\dbt\01\git\gobyes\go-cookbook\chapter13\vendoring\vendor\golang.org\x\sys\unix\zsysnum_darwin_arm64.go
D:\dbt\01\git\gobyes\go-cookbook\chapter13\vendoring\vendor\golang.org\x\sys\unix\zsysnum_dragonfly_amd64.go
D:\dbt\01\git\gobyes\go-cookbook\chapter13\vendoring\vendor\golang.org\x\sys\unix\zsysnum_freebsd_386.go
D:\dbt\01\git\gobyes\go-cookbook\chapter13\vendoring\vendor\golang.org\x\sys\unix\zsysnum_freebsd_amd64.go
D:\dbt\01\git\gobyes\go-cookbook\chapter13\vendoring\vendor\golang.org\x\sys\unix\zsysnum_freebsd_arm.go
D:\dbt\01\git\gobyes\go-cookbook\chapter13\vendoring\vendor\golang.org\x\sys\unix\zsysnum_linux_386.go
D:\dbt\01\git\gobyes\go-cookbook\chapter13\vendoring\vendor\golang.org\x\sys\unix\zsysnum_linux_amd64.go
D:\dbt\01\git\gobyes\go-cookbook\chapter13\vendoring\vendor\golang.org\x\sys\unix\zsysnum_linux_arm.go
D:\dbt\01\git\gobyes\go-cookbook\chapter13\vendoring\vendor\golang.org\x\sys\unix\zsysnum_linux_arm64.go
D:\dbt\01\git\gobyes\go-cookbook\chapter13\vendoring\vendor\golang.org\x\sys\unix\zsysnum_linux_mips.go
D:\dbt\01\git\gobyes\go-cookbook\chapter13\vendoring\vendor\golang.org\x\sys\unix\zsysnum_linux_mips64.go
D:\dbt\01\git\gobyes\go-cookbook\chapter13\vendoring\vendor\golang.org\x\sys\unix\zsysnum_linux_mips64le.go
D:\dbt\01\git\gobyes\go-cookbook\chapter13\vendoring\vendor\golang.org\x\sys\unix\zsysnum_linux_mipsle.go
D:\dbt\01\git\gobyes\go-cookbook\chapter13\vendoring\vendor\golang.org\x\sys\unix\zsysnum_linux_ppc64.go
D:\dbt\01\git\gobyes\go-cookbook\chapter13\vendoring\vendor\golang.org\x\sys\unix\zsysnum_linux_ppc64le.go
D:\dbt\01\git\gobyes\go-cookbook\chapter13\vendoring\vendor\golang.org\x\sys\unix\zsysnum_linux_s390x.go
D:\dbt\01\git\gobyes\go-cookbook\chapter13\vendoring\vendor\golang.org\x\sys\unix\zsysnum_linux_sparc64.go
D:\dbt\01\git\gobyes\go-cookbook\chapter13\vendoring\vendor\golang.org\x\sys\unix\zsysnum_netbsd_386.go
D:\dbt\01\git\gobyes\go-cookbook\chapter13\vendoring\vendor\golang.org\x\sys\unix\zsysnum_netbsd_amd64.go
D:\dbt\01\git\gobyes\go-cookbook\chapter13\vendoring\vendor\golang.org\x\sys\unix\zsysnum_netbsd_arm.go
D:\dbt\01\git\gobyes\go-cookbook\chapter13\vendoring\vendor\golang.org\x\sys\unix\zsysnum_openbsd_386.go
D:\dbt\01\git\gobyes\go-cookbook\chapter13\vendoring\vendor\golang.org\x\sys\unix\zsysnum_openbsd_amd64.go
D:\dbt\01\git\gobyes\go-cookbook\chapter13\vendoring\vendor\golang.org\x\sys\unix\zsysnum_solaris_amd64.go
D:\dbt\01\git\gobyes\go-cookbook\chapter13\vendoring\vendor\golang.org\x\sys\unix\ztypes_darwin_386.go
D:\dbt\01\git\gobyes\go-cookbook\chapter13\vendoring\vendor\golang.org\x\sys\unix\ztypes_darwin_amd64.go
D:\dbt\01\git\gobyes\go-cookbook\chapter13\vendoring\vendor\golang.org\x\sys\unix\ztypes_darwin_arm.go
D:\dbt\01\git\gobyes\go-cookbook\chapter13\vendoring\vendor\golang.org\x\sys\unix\ztypes_darwin_arm64.go
D:\dbt\01\git\gobyes\go-cookbook\chapter13\vendoring\vendor\golang.org\x\sys\unix\ztypes_dragonfly_amd64.go
D:\dbt\01\git\gobyes\go-cookbook\chapter13\vendoring\vendor\golang.org\x\sys\unix\ztypes_freebsd_386.go
D:\dbt\01\git\gobyes\go-cookbook\chapter13\vendoring\vendor\golang.org\x\sys\unix\ztypes_freebsd_amd64.go
D:\dbt\01\git\gobyes\go-cookbook\chapter13\vendoring\vendor\golang.org\x\sys\unix\ztypes_freebsd_arm.go
D:\dbt\01\git\gobyes\go-cookbook\chapter13\vendoring\vendor\golang.org\x\sys\unix\ztypes_linux_386.go
D:\dbt\01\git\gobyes\go-cookbook\chapter13\vendoring\vendor\golang.org\x\sys\unix\ztypes_linux_amd64.go
D:\dbt\01\git\gobyes\go-cookbook\chapter13\vendoring\vendor\golang.org\x\sys\unix\ztypes_linux_arm.go
D:\dbt\01\git\gobyes\go-cookbook\chapter13\vendoring\vendor\golang.org\x\sys\unix\ztypes_linux_arm64.go
D:\dbt\01\git\gobyes\go-cookbook\chapter13\vendoring\vendor\golang.org\x\sys\unix\ztypes_linux_mips.go
D:\dbt\01\git\gobyes\go-cookbook\chapter13\vendoring\vendor\golang.org\x\sys\unix\ztypes_linux_mips64.go
D:\dbt\01\git\gobyes\go-cookbook\chapter13\vendoring\vendor\golang.org\x\sys\unix\ztypes_linux_mips64le.go
D:\dbt\01\git\gobyes\go-cookbook\chapter13\vendoring\vendor\golang.org\x\sys\unix\ztypes_linux_mipsle.go
D:\dbt\01\git\gobyes\go-cookbook\chapter13\vendoring\vendor\golang.org\x\sys\unix\ztypes_linux_ppc64.go
D:\dbt\01\git\gobyes\go-cookbook\chapter13\vendoring\vendor\golang.org\x\sys\unix\ztypes_linux_ppc64le.go
D:\dbt\01\git\gobyes\go-cookbook\chapter13\vendoring\vendor\golang.org\x\sys\unix\ztypes_linux_s390x.go
D:\dbt\01\git\gobyes\go-cookbook\chapter13\vendoring\vendor\golang.org\x\sys\unix\ztypes_linux_sparc64.go
D:\dbt\01\git\gobyes\go-cookbook\chapter13\vendoring\vendor\golang.org\x\sys\unix\ztypes_netbsd_386.go
D:\dbt\01\git\gobyes\go-cookbook\chapter13\vendoring\vendor\golang.org\x\sys\unix\ztypes_netbsd_amd64.go
D:\dbt\01\git\gobyes\go-cookbook\chapter13\vendoring\vendor\golang.org\x\sys\unix\ztypes_netbsd_arm.go
D:\dbt\01\git\gobyes\go-cookbook\chapter13\vendoring\vendor\golang.org\x\sys\unix\ztypes_openbsd_386.go
D:\dbt\01\git\gobyes\go-cookbook\chapter13\vendoring\vendor\golang.org\x\sys\unix\ztypes_openbsd_amd64.go
D:\dbt\01\git\gobyes\go-cookbook\chapter13\vendoring\vendor\golang.org\x\sys\unix\ztypes_solaris_amd64.go
D:\dbt\01\git\gobyes\go-cookbook\chapter2\ansicolor\color.go
D:\dbt\01\git\gobyes\go-cookbook\chapter2\ansicolor\color_test.go
D:\dbt\01\git\gobyes\go-cookbook\chapter2\ansicolor\example\main.go
D:\dbt\01\git\gobyes\go-cookbook\chapter2\cmdargs\cmdargs.go
D:\dbt\01\git\gobyes\go-cookbook\chapter2\cmdargs\cmdargs_test.go
D:\dbt\01\git\gobyes\go-cookbook\chapter2\cmdargs\main.go
D:\dbt\01\git\gobyes\go-cookbook\chapter2\confformat\json.go
D:\dbt\01\git\gobyes\go-cookbook\chapter2\confformat\json_test.go
D:\dbt\01\git\gobyes\go-cookbook\chapter2\confformat\marshal.go
D:\dbt\01\git\gobyes\go-cookbook\chapter2\confformat\marshal_test.go
D:\dbt\01\git\gobyes\go-cookbook\chapter2\confformat\toml.go
D:\dbt\01\git\gobyes\go-cookbook\chapter2\confformat\toml_test.go
D:\dbt\01\git\gobyes\go-cookbook\chapter2\confformat\unmarshal.go
D:\dbt\01\git\gobyes\go-cookbook\chapter2\confformat\unmarshal_test.go
D:\dbt\01\git\gobyes\go-cookbook\chapter2\confformat\yaml.go
D:\dbt\01\git\gobyes\go-cookbook\chapter2\confformat\yaml_test.go
D:\dbt\01\git\gobyes\go-cookbook\chapter2\confformat\example\main.go
D:\dbt\01\git\gobyes\go-cookbook\chapter2\envvar\config.go
D:\dbt\01\git\gobyes\go-cookbook\chapter2\envvar\config_test.go
D:\dbt\01\git\gobyes\go-cookbook\chapter2\envvar\example\main.go
D:\dbt\01\git\gobyes\go-cookbook\chapter2\flags\custom.go
D:\dbt\01\git\gobyes\go-cookbook\chapter2\flags\custom_test.go
D:\dbt\01\git\gobyes\go-cookbook\chapter2\flags\flags.go
D:\dbt\01\git\gobyes\go-cookbook\chapter2\flags\flags_test.go
D:\dbt\01\git\gobyes\go-cookbook\chapter2\flags\main.go
D:\dbt\01\git\gobyes\go-cookbook\chapter2\pipes\pipes.go
D:\dbt\01\git\gobyes\go-cookbook\chapter2\pipes\pipes_test.go
D:\dbt\01\git\gobyes\go-cookbook\chapter2\signals\signals.go
D:\dbt\01\git\gobyes\go-cookbook\chapter2\signals\signals_test.go
D:\dbt\01\git\gobyes\go-cookbook\chapter3\collections\collections.go
D:\dbt\01\git\gobyes\go-cookbook\chapter3\collections\collections_test.go
D:\dbt\01\git\gobyes\go-cookbook\chapter3\collections\functions.go
D:\dbt\01\git\gobyes\go-cookbook\chapter3\collections\functions_test.go
D:\dbt\01\git\gobyes\go-cookbook\chapter3\collections\example\main.go
D:\dbt\01\git\gobyes\go-cookbook\chapter3\currency\dollars.go
D:\dbt\01\git\gobyes\go-cookbook\chapter3\currency\dollars_test.go
D:\dbt\01\git\gobyes\go-cookbook\chapter3\currency\pennies.go
D:\dbt\01\git\gobyes\go-cookbook\chapter3\currency\pennies_test.go
D:\dbt\01\git\gobyes\go-cookbook\chapter3\currency\example\main.go
D:\dbt\01\git\gobyes\go-cookbook\chapter3\dataconv\dataconv.go
D:\dbt\01\git\gobyes\go-cookbook\chapter3\dataconv\dataconv_test.go
D:\dbt\01\git\gobyes\go-cookbook\chapter3\dataconv\interfaces.go
D:\dbt\01\git\gobyes\go-cookbook\chapter3\dataconv\interfaces_test.go
D:\dbt\01\git\gobyes\go-cookbook\chapter3\dataconv\strconv.go
D:\dbt\01\git\gobyes\go-cookbook\chapter3\dataconv\strconv_test.go
D:\dbt\01\git\gobyes\go-cookbook\chapter3\dataconv\example\main.go
D:\dbt\01\git\gobyes\go-cookbook\chapter3\encoding\base64.go
D:\dbt\01\git\gobyes\go-cookbook\chapter3\encoding\base64_test.go
D:\dbt\01\git\gobyes\go-cookbook\chapter3\encoding\gob.go
D:\dbt\01\git\gobyes\go-cookbook\chapter3\encoding\gob_test.go
D:\dbt\01\git\gobyes\go-cookbook\chapter3\encoding\example\main.go
D:\dbt\01\git\gobyes\go-cookbook\chapter3\math\fib.go
D:\dbt\01\git\gobyes\go-cookbook\chapter3\math\fib_test.go
D:\dbt\01\git\gobyes\go-cookbook\chapter3\math\math.go
D:\dbt\01\git\gobyes\go-cookbook\chapter3\math\math_test.go
D:\dbt\01\git\gobyes\go-cookbook\chapter3\math\example\main.go
D:\dbt\01\git\gobyes\go-cookbook\chapter3\nulls\base.go
D:\dbt\01\git\gobyes\go-cookbook\chapter3\nulls\base_test.go
D:\dbt\01\git\gobyes\go-cookbook\chapter3\nulls\nullencoding.go
D:\dbt\01\git\gobyes\go-cookbook\chapter3\nulls\nullencoding_test.go
D:\dbt\01\git\gobyes\go-cookbook\chapter3\nulls\pointer.go
D:\dbt\01\git\gobyes\go-cookbook\chapter3\nulls\pointer_test.go
D:\dbt\01\git\gobyes\go-cookbook\chapter3\nulls\example\main.go
D:\dbt\01\git\gobyes\go-cookbook\chapter3\tags\deserialize.go
D:\dbt\01\git\gobyes\go-cookbook\chapter3\tags\deserialize_test.go
D:\dbt\01\git\gobyes\go-cookbook\chapter3\tags\serialize.go
D:\dbt\01\git\gobyes\go-cookbook\chapter3\tags\serialize_test.go
D:\dbt\01\git\gobyes\go-cookbook\chapter3\tags\tags.go
D:\dbt\01\git\gobyes\go-cookbook\chapter3\tags\tags_test.go
D:\dbt\01\git\gobyes\go-cookbook\chapter3\tags\example\main.go
D:\dbt\01\git\gobyes\go-cookbook\chapter4\basicerrors\basicerrors.go
D:\dbt\01\git\gobyes\go-cookbook\chapter4\basicerrors\basicerrors_test.go
D:\dbt\01\git\gobyes\go-cookbook\chapter4\basicerrors\custom.go
D:\dbt\01\git\gobyes\go-cookbook\chapter4\basicerrors\custom_test.go
D:\dbt\01\git\gobyes\go-cookbook\chapter4\basicerrors\example\main.go
D:\dbt\01\git\gobyes\go-cookbook\chapter4\context\collect.go
D:\dbt\01\git\gobyes\go-cookbook\chapter4\context\collect_test.go
D:\dbt\01\git\gobyes\go-cookbook\chapter4\context\log.go
D:\dbt\01\git\gobyes\go-cookbook\chapter4\context\log_test.go
D:\dbt\01\git\gobyes\go-cookbook\chapter4\context\example\main.go
D:\dbt\01\git\gobyes\go-cookbook\chapter4\errwrap\errwrap.go
D:\dbt\01\git\gobyes\go-cookbook\chapter4\errwrap\errwrap_test.go
D:\dbt\01\git\gobyes\go-cookbook\chapter4\errwrap\unwrap.go
D:\dbt\01\git\gobyes\go-cookbook\chapter4\errwrap\unwrap_test.go
D:\dbt\01\git\gobyes\go-cookbook\chapter4\errwrap\example\main.go
D:\dbt\01\git\gobyes\go-cookbook\chapter4\global\global.go
D:\dbt\01\git\gobyes\go-cookbook\chapter4\global\global_test.go
D:\dbt\01\git\gobyes\go-cookbook\chapter4\global\log.go
D:\dbt\01\git\gobyes\go-cookbook\chapter4\global\log_test.go
D:\dbt\01\git\gobyes\go-cookbook\chapter4\global\example\main.go
D:\dbt\01\git\gobyes\go-cookbook\chapter4\log\error.go
D:\dbt\01\git\gobyes\go-cookbook\chapter4\log\error_test.go
D:\dbt\01\git\gobyes\go-cookbook\chapter4\log\log.go
D:\dbt\01\git\gobyes\go-cookbook\chapter4\log\log_test.go
D:\dbt\01\git\gobyes\go-cookbook\chapter4\log\example\main.go
D:\dbt\01\git\gobyes\go-cookbook\chapter4\panic\panic.go
D:\dbt\01\git\gobyes\go-cookbook\chapter4\panic\example\main.go
D:\dbt\01\git\gobyes\go-cookbook\chapter4\structured\apex.go
D:\dbt\01\git\gobyes\go-cookbook\chapter4\structured\apex_test.go
D:\dbt\01\git\gobyes\go-cookbook\chapter4\structured\logrus.go
D:\dbt\01\git\gobyes\go-cookbook\chapter4\structured\logrus_test.go
D:\dbt\01\git\gobyes\go-cookbook\chapter4\structured\example\main.go
D:\dbt\01\git\gobyes\go-cookbook\chapter5\database\config.go
D:\dbt\01\git\gobyes\go-cookbook\chapter5\database\config_test.go
D:\dbt\01\git\gobyes\go-cookbook\chapter5\database\create.go
D:\dbt\01\git\gobyes\go-cookbook\chapter5\database\create_test.go
D:\dbt\01\git\gobyes\go-cookbook\chapter5\database\exec.go
D:\dbt\01\git\gobyes\go-cookbook\chapter5\database\exec_test.go
D:\dbt\01\git\gobyes\go-cookbook\chapter5\database\query.go
D:\dbt\01\git\gobyes\go-cookbook\chapter5\database\query_test.go
D:\dbt\01\git\gobyes\go-cookbook\chapter5\database\example\main.go
D:\dbt\01\git\gobyes\go-cookbook\chapter5\dbinterface\create.go
D:\dbt\01\git\gobyes\go-cookbook\chapter5\dbinterface\create_test.go
D:\dbt\01\git\gobyes\go-cookbook\chapter5\dbinterface\exec.go
D:\dbt\01\git\gobyes\go-cookbook\chapter5\dbinterface\exec_test.go
D:\dbt\01\git\gobyes\go-cookbook\chapter5\dbinterface\mocks_test.go
D:\dbt\01\git\gobyes\go-cookbook\chapter5\dbinterface\query.go
D:\dbt\01\git\gobyes\go-cookbook\chapter5\dbinterface\query_test.go
D:\dbt\01\git\gobyes\go-cookbook\chapter5\dbinterface\transaction.go
D:\dbt\01\git\gobyes\go-cookbook\chapter5\dbinterface\example\main.go
D:\dbt\01\git\gobyes\go-cookbook\chapter5\mongodb\config.go
D:\dbt\01\git\gobyes\go-cookbook\chapter5\mongodb\config_test.go
D:\dbt\01\git\gobyes\go-cookbook\chapter5\mongodb\exec.go
D:\dbt\01\git\gobyes\go-cookbook\chapter5\mongodb\exec_test.go
D:\dbt\01\git\gobyes\go-cookbook\chapter5\mongodb\example\main.go
D:\dbt\01\git\gobyes\go-cookbook\chapter5\pools\pools.go
D:\dbt\01\git\gobyes\go-cookbook\chapter5\pools\pools_test.go
D:\dbt\01\git\gobyes\go-cookbook\chapter5\pools\timeout.go
D:\dbt\01\git\gobyes\go-cookbook\chapter5\pools\timeout_test.go
D:\dbt\01\git\gobyes\go-cookbook\chapter5\pools\example\main.go
D:\dbt\01\git\gobyes\go-cookbook\chapter5\redis\config.go
D:\dbt\01\git\gobyes\go-cookbook\chapter5\redis\config_test.go
D:\dbt\01\git\gobyes\go-cookbook\chapter5\redis\exec.go
D:\dbt\01\git\gobyes\go-cookbook\chapter5\redis\exec_test.go
D:\dbt\01\git\gobyes\go-cookbook\chapter5\redis\sort.go
D:\dbt\01\git\gobyes\go-cookbook\chapter5\redis\sort_test.go
D:\dbt\01\git\gobyes\go-cookbook\chapter5\redis\example\main.go
D:\dbt\01\git\gobyes\go-cookbook\chapter5\storage\exec.go
D:\dbt\01\git\gobyes\go-cookbook\chapter5\storage\mongoconfig.go
D:\dbt\01\git\gobyes\go-cookbook\chapter5\storage\mongointerface.go
D:\dbt\01\git\gobyes\go-cookbook\chapter5\storage\storage.go
D:\dbt\01\git\gobyes\go-cookbook\chapter5\storage\example\main.go
D:\dbt\01\git\gobyes\go-cookbook\chapter6\async\config.go
D:\dbt\01\git\gobyes\go-cookbook\chapter6\async\config_test.go
D:\dbt\01\git\gobyes\go-cookbook\chapter6\async\exec.go
D:\dbt\01\git\gobyes\go-cookbook\chapter6\async\exec_test.go
D:\dbt\01\git\gobyes\go-cookbook\chapter6\async\example\main.go
D:\dbt\01\git\gobyes\go-cookbook\chapter6\client\client.go
D:\dbt\01\git\gobyes\go-cookbook\chapter6\client\client_test.go
D:\dbt\01\git\gobyes\go-cookbook\chapter6\client\exec.go
D:\dbt\01\git\gobyes\go-cookbook\chapter6\client\exec_test.go
D:\dbt\01\git\gobyes\go-cookbook\chapter6\client\store.go
D:\dbt\01\git\gobyes\go-cookbook\chapter6\client\store_test.go
D:\dbt\01\git\gobyes\go-cookbook\chapter6\client\example\main.go
D:\dbt\01\git\gobyes\go-cookbook\chapter6\decorator\config.go
D:\dbt\01\git\gobyes\go-cookbook\chapter6\decorator\config_test.go
D:\dbt\01\git\gobyes\go-cookbook\chapter6\decorator\decorator.go
D:\dbt\01\git\gobyes\go-cookbook\chapter6\decorator\decorator_test.go
D:\dbt\01\git\gobyes\go-cookbook\chapter6\decorator\exec.go
D:\dbt\01\git\gobyes\go-cookbook\chapter6\decorator\exec_test.go
D:\dbt\01\git\gobyes\go-cookbook\chapter6\decorator\middleware.go
D:\dbt\01\git\gobyes\go-cookbook\chapter6\decorator\middleware_test.go
D:\dbt\01\git\gobyes\go-cookbook\chapter6\decorator\example\main.go
D:\dbt\01\git\gobyes\go-cookbook\chapter6\grpc\client\client.go
D:\dbt\01\git\gobyes\go-cookbook\chapter6\grpc\greeter\greeter.pb.go
D:\dbt\01\git\gobyes\go-cookbook\chapter6\grpc\server\greeter.go
D:\dbt\01\git\gobyes\go-cookbook\chapter6\grpc\server\greeter_test.go
D:\dbt\01\git\gobyes\go-cookbook\chapter6\grpc\server\server.go
D:\dbt\01\git\gobyes\go-cookbook\chapter6\oauthcli\config.go
D:\dbt\01\git\gobyes\go-cookbook\chapter6\oauthcli\config_test.go
D:\dbt\01\git\gobyes\go-cookbook\chapter6\oauthcli\exec.go
D:\dbt\01\git\gobyes\go-cookbook\chapter6\oauthcli\exec_test.go
D:\dbt\01\git\gobyes\go-cookbook\chapter6\oauthcli\example\main.go
D:\dbt\01\git\gobyes\go-cookbook\chapter6\oauthstore\config.go
D:\dbt\01\git\gobyes\go-cookbook\chapter6\oauthstore\config_test.go
D:\dbt\01\git\gobyes\go-cookbook\chapter6\oauthstore\filestorage.go
D:\dbt\01\git\gobyes\go-cookbook\chapter6\oauthstore\filestorage_test.go
D:\dbt\01\git\gobyes\go-cookbook\chapter6\oauthstore\storage.go
D:\dbt\01\git\gobyes\go-cookbook\chapter6\oauthstore\storage_test.go
D:\dbt\01\git\gobyes\go-cookbook\chapter6\oauthstore\tokensource.go
D:\dbt\01\git\gobyes\go-cookbook\chapter6\oauthstore\tokensource_test.go
D:\dbt\01\git\gobyes\go-cookbook\chapter6\oauthstore\example\main.go
D:\dbt\01\git\gobyes\go-cookbook\chapter6\rest\client.go
D:\dbt\01\git\gobyes\go-cookbook\chapter6\rest\client_test.go
D:\dbt\01\git\gobyes\go-cookbook\chapter6\rest\exec.go
D:\dbt\01\git\gobyes\go-cookbook\chapter6\rest\exec_test.go
D:\dbt\01\git\gobyes\go-cookbook\chapter6\rest\transport.go
D:\dbt\01\git\gobyes\go-cookbook\chapter6\rest\transport_test.go
D:\dbt\01\git\gobyes\go-cookbook\chapter6\rest\example\main.go
D:\dbt\01\git\gobyes\go-cookbook\chapter7\controllers\controller.go
D:\dbt\01\git\gobyes\go-cookbook\chapter7\controllers\controller_test.go
D:\dbt\01\git\gobyes\go-cookbook\chapter7\controllers\get.go
D:\dbt\01\git\gobyes\go-cookbook\chapter7\controllers\get_test.go
D:\dbt\01\git\gobyes\go-cookbook\chapter7\controllers\post.go
D:\dbt\01\git\gobyes\go-cookbook\chapter7\controllers\post_test.go
D:\dbt\01\git\gobyes\go-cookbook\chapter7\controllers\storage.go
D:\dbt\01\git\gobyes\go-cookbook\chapter7\controllers\storage_test.go
D:\dbt\01\git\gobyes\go-cookbook\chapter7\controllers\example\main.go
D:\dbt\01\git\gobyes\go-cookbook\chapter7\grpcjson\grpc\main.go
D:\dbt\01\git\gobyes\go-cookbook\chapter7\grpcjson\http\get.go
D:\dbt\01\git\gobyes\go-cookbook\chapter7\grpcjson\http\get_test.go
D:\dbt\01\git\gobyes\go-cookbook\chapter7\grpcjson\http\main.go
D:\dbt\01\git\gobyes\go-cookbook\chapter7\grpcjson\http\set.go
D:\dbt\01\git\gobyes\go-cookbook\chapter7\grpcjson\http\set_test.go
D:\dbt\01\git\gobyes\go-cookbook\chapter7\grpcjson\internal\keyvalue.go
D:\dbt\01\git\gobyes\go-cookbook\chapter7\grpcjson\internal\keyvalue_test.go
D:\dbt\01\git\gobyes\go-cookbook\chapter7\grpcjson\keyvalue\keyvalue.pb.go
D:\dbt\01\git\gobyes\go-cookbook\chapter7\handlers\get.go
D:\dbt\01\git\gobyes\go-cookbook\chapter7\handlers\get_test.go
D:\dbt\01\git\gobyes\go-cookbook\chapter7\handlers\post.go
D:\dbt\01\git\gobyes\go-cookbook\chapter7\handlers\post_test.go
D:\dbt\01\git\gobyes\go-cookbook\chapter7\handlers\example\main.go
D:\dbt\01\git\gobyes\go-cookbook\chapter7\middleware\context.go
D:\dbt\01\git\gobyes\go-cookbook\chapter7\middleware\context_test.go
D:\dbt\01\git\gobyes\go-cookbook\chapter7\middleware\handler.go
D:\dbt\01\git\gobyes\go-cookbook\chapter7\middleware\handler_test.go
D:\dbt\01\git\gobyes\go-cookbook\chapter7\middleware\middleware.go
D:\dbt\01\git\gobyes\go-cookbook\chapter7\middleware\middleware_test.go
D:\dbt\01\git\gobyes\go-cookbook\chapter7\middleware\example\main.go
D:\dbt\01\git\gobyes\go-cookbook\chapter7\negotiate\handler.go
D:\dbt\01\git\gobyes\go-cookbook\chapter7\negotiate\handler_test.go
D:\dbt\01\git\gobyes\go-cookbook\chapter7\negotiate\negotiate.go
D:\dbt\01\git\gobyes\go-cookbook\chapter7\negotiate\negotiate_test.go
D:\dbt\01\git\gobyes\go-cookbook\chapter7\negotiate\respond.go
D:\dbt\01\git\gobyes\go-cookbook\chapter7\negotiate\respond_test.go
D:\dbt\01\git\gobyes\go-cookbook\chapter7\negotiate\example\main.go
D:\dbt\01\git\gobyes\go-cookbook\chapter7\proxy\process.go
D:\dbt\01\git\gobyes\go-cookbook\chapter7\proxy\process_test.go
D:\dbt\01\git\gobyes\go-cookbook\chapter7\proxy\proxy.go
D:\dbt\01\git\gobyes\go-cookbook\chapter7\proxy\proxy_test.go
D:\dbt\01\git\gobyes\go-cookbook\chapter7\proxy\example\main.go
D:\dbt\01\git\gobyes\go-cookbook\chapter7\validation\controller.go
D:\dbt\01\git\gobyes\go-cookbook\chapter7\validation\controller_test.go
D:\dbt\01\git\gobyes\go-cookbook\chapter7\validation\process.go
D:\dbt\01\git\gobyes\go-cookbook\chapter7\validation\process_test.go
D:\dbt\01\git\gobyes\go-cookbook\chapter7\validation\validate.go
D:\dbt\01\git\gobyes\go-cookbook\chapter7\validation\validate_test.go
D:\dbt\01\git\gobyes\go-cookbook\chapter7\validation\example\main.go
D:\dbt\01\git\gobyes\go-cookbook\chapter8\bdd\handler.go
D:\dbt\01\git\gobyes\go-cookbook\chapter8\bdd\handler_test.go
D:\dbt\01\git\gobyes\go-cookbook\chapter8\coverage\coverage.go
D:\dbt\01\git\gobyes\go-cookbook\chapter8\coverage\coverage_test.go
D:\dbt\01\git\gobyes\go-cookbook\chapter8\fuzz\dollars.go
D:\dbt\01\git\gobyes\go-cookbook\chapter8\fuzz\dollars_test.go
D:\dbt\01\git\gobyes\go-cookbook\chapter8\fuzz\fuzz.go
D:\dbt\01\git\gobyes\go-cookbook\chapter8\mockgen\exec.go
D:\dbt\01\git\gobyes\go-cookbook\chapter8\mockgen\exec_test.go
D:\dbt\01\git\gobyes\go-cookbook\chapter8\mockgen\interface.go
D:\dbt\01\git\gobyes\go-cookbook\chapter8\mockgen\interface_test.go
D:\dbt\01\git\gobyes\go-cookbook\chapter8\mockgen\internal\mocks.go
D:\dbt\01\git\gobyes\go-cookbook\chapter8\mocking\exec.go
D:\dbt\01\git\gobyes\go-cookbook\chapter8\mocking\exec_test.go
D:\dbt\01\git\gobyes\go-cookbook\chapter8\mocking\mock.go
D:\dbt\01\git\gobyes\go-cookbook\chapter8\mocking\mock_test.go
D:\dbt\01\git\gobyes\go-cookbook\chapter8\mocking\patch.go
D:\dbt\01\git\gobyes\go-cookbook\chapter8\mocking\patch_test.go
D:\dbt\01\git\gobyes\go-cookbook\chapter8\tools\funcs.go
D:\dbt\01\git\gobyes\go-cookbook\chapter8\tools\funcs_test.go
D:\dbt\01\git\gobyes\go-cookbook\chapter8\tools\struct.go
D:\dbt\01\git\gobyes\go-cookbook\chapter8\tools\structs_test.go
D:\dbt\01\git\gobyes\go-cookbook\chapter9\atomic\map.go
D:\dbt\01\git\gobyes\go-cookbook\chapter9\atomic\map_test.go
D:\dbt\01\git\gobyes\go-cookbook\chapter9\atomic\ordinal.go
D:\dbt\01\git\gobyes\go-cookbook\chapter9\atomic\ordinal_test.go
D:\dbt\01\git\gobyes\go-cookbook\chapter9\atomic\example\main.go
D:\dbt\01\git\gobyes\go-cookbook\chapter9\channels\printer.go
D:\dbt\01\git\gobyes\go-cookbook\chapter9\channels\printer_test.go
D:\dbt\01\git\gobyes\go-cookbook\chapter9\channels\sender.go
D:\dbt\01\git\gobyes\go-cookbook\chapter9\channels\sender_test.go
D:\dbt\01\git\gobyes\go-cookbook\chapter9\channels\example\main.go
D:\dbt\01\git\gobyes\go-cookbook\chapter9\context\exec.go
D:\dbt\01\git\gobyes\go-cookbook\chapter9\context\exec_test.go
D:\dbt\01\git\gobyes\go-cookbook\chapter9\context\values.go
D:\dbt\01\git\gobyes\go-cookbook\chapter9\context\values_test.go
D:\dbt\01\git\gobyes\go-cookbook\chapter9\context\example\main.go
D:\dbt\01\git\gobyes\go-cookbook\chapter9\pipeline\encode.go
D:\dbt\01\git\gobyes\go-cookbook\chapter9\pipeline\pipeline.go
D:\dbt\01\git\gobyes\go-cookbook\chapter9\pipeline\print.go
D:\dbt\01\git\gobyes\go-cookbook\chapter9\pipeline\worker.go
D:\dbt\01\git\gobyes\go-cookbook\chapter9\pipeline\example\main.go
D:\dbt\01\git\gobyes\go-cookbook\chapter9\pool\crypto.go
D:\dbt\01\git\gobyes\go-cookbook\chapter9\pool\crypto_test.go
D:\dbt\01\git\gobyes\go-cookbook\chapter9\pool\work.go
D:\dbt\01\git\gobyes\go-cookbook\chapter9\pool\worker.go
D:\dbt\01\git\gobyes\go-cookbook\chapter9\pool\worker_test.go
D:\dbt\01\git\gobyes\go-cookbook\chapter9\pool\work_test.go
D:\dbt\01\git\gobyes\go-cookbook\chapter9\pool\example\main.go
D:\dbt\01\git\gobyes\go-cookbook\chapter9\state\process.go
D:\dbt\01\git\gobyes\go-cookbook\chapter9\state\processor.go
D:\dbt\01\git\gobyes\go-cookbook\chapter9\state\processor_test.go
D:\dbt\01\git\gobyes\go-cookbook\chapter9\state\process_test.go
D:\dbt\01\git\gobyes\go-cookbook\chapter9\state\state.go
D:\dbt\01\git\gobyes\go-cookbook\chapter9\state\example\main.go
D:\dbt\01\git\gobyes\go-cookbook\chapter9\waitgroup\process.go
D:\dbt\01\git\gobyes\go-cookbook\chapter9\waitgroup\process_test.go
D:\dbt\01\git\gobyes\go-cookbook\chapter9\waitgroup\tasks.go
D:\dbt\01\git\gobyes\go-cookbook\chapter9\waitgroup\tasks_test.go
D:\dbt\01\git\gobyes\go-cookbook\chapter9\waitgroup\example\main.go
D:\dbt\01\git\gobyes\go-recipes\go-recipes-master\ch01\declarations\main.go
D:\dbt\01\git\gobyes\go-recipes\go-recipes-master\ch01\favorites\main.go
D:\dbt\01\git\gobyes\go-recipes\go-recipes-master\ch01\hello\main.go
D:\dbt\01\git\gobyes\go-recipes\go-recipes-master\ch01\lib\favorites.go
D:\dbt\01\git\gobyes\go-recipes\go-recipes-master\ch01\lib\utils.go
D:\dbt\01\git\gobyes\go-recipes\go-recipes-master\ch01\loop\main.go
D:\dbt\01\git\gobyes\go-recipes\go-recipes-master\ch01\strutils\utils.go
D:\dbt\01\git\gobyes\go-recipes\go-recipes-master\ch01\strutilsdemo\main.go
D:\dbt\01\git\gobyes\go-recipes\go-recipes-master\ch01\vetting\main.go
D:\dbt\01\git\gobyes\go-recipes\go-recipes-master\ch02\arrays\main.go
D:\dbt\01\git\gobyes\go-recipes\go-recipes-master\ch02\defer\deferfunc.go
D:\dbt\01\git\gobyes\go-recipes\go-recipes-master\ch02\defer\panicrecover.go
D:\dbt\01\git\gobyes\go-recipes\go-recipes-master\ch02\functions\calc.go
D:\dbt\01\git\gobyes\go-recipes\go-recipes-master\ch02\functions\closures.go
D:\dbt\01\git\gobyes\go-recipes\go-recipes-master\ch02\functions\swap.go
D:\dbt\01\git\gobyes\go-recipes\go-recipes-master\ch02\functions\variadic.go
D:\dbt\01\git\gobyes\go-recipes\go-recipes-master\ch02\maps\main.go
D:\dbt\01\git\gobyes\go-recipes\go-recipes-master\ch02\maps\sort_map.go
D:\dbt\01\git\gobyes\go-recipes\go-recipes-master\ch02\slices\append.go
D:\dbt\01\git\gobyes\go-recipes\go-recipes-master\ch02\slices\append_nilslice.go
D:\dbt\01\git\gobyes\go-recipes\go-recipes-master\ch02\slices\copy.go
D:\dbt\01\git\gobyes\go-recipes\go-recipes-master\ch02\slices\iterate.go
D:\dbt\01\git\gobyes\go-recipes\go-recipes-master\ch02\slices\main.go
D:\dbt\01\git\gobyes\go-recipes\go-recipes-master\ch03\ecommerce\main.go
D:\dbt\01\git\gobyes\go-recipes\go-recipes-master\ch03\ecommerce\models.go
D:\dbt\01\git\gobyes\go-recipes\go-recipes-master\ch03\employee\employee.go
D:\dbt\01\git\gobyes\go-recipes\go-recipes-master\ch04\channels\main.go
D:\dbt\01\git\gobyes\go-recipes\go-recipes-master\ch04\deadlock\main.go
D:\dbt\01\git\gobyes\go-recipes\go-recipes-master\ch04\deadlock\main_deadlock.go
D:\dbt\01\git\gobyes\go-recipes\go-recipes-master\ch04\mathtable\main.go
D:\dbt\01\git\gobyes\go-recipes\go-recipes-master\ch04\pipeline\main.go
D:\dbt\01\git\gobyes\go-recipes\go-recipes-master\ch04\pipeline\main1.go
D:\dbt\01\git\gobyes\go-recipes\go-recipes-master\ch04\select\main.go
D:\dbt\01\git\gobyes\go-recipes\go-recipes-master\ch04\unbuffercounter\main.go
D:\dbt\01\git\gobyes\go-recipes\go-recipes-master\ch04\unbuffercounter\main1.go
D:\dbt\01\git\gobyes\go-recipes\go-recipes-master\ch04\worker\main.go
D:\dbt\01\git\gobyes\go-recipes\go-recipes-master\ch05\archivetar\main.go
D:\dbt\01\git\gobyes\go-recipes\go-recipes-master\ch05\archivezip\main.go
D:\dbt\01\git\gobyes\go-recipes\go-recipes-master\ch05\cmdflags\main.go
D:\dbt\01\git\gobyes\go-recipes\go-recipes-master\ch05\flag\main.go
D:\dbt\01\git\gobyes\go-recipes\go-recipes-master\ch05\json\main.go
D:\dbt\01\git\gobyes\go-recipes\go-recipes-master\ch05\jsontag\main.go
D:\dbt\01\git\gobyes\go-recipes\go-recipes-master\ch05\log\logger.go
D:\dbt\01\git\gobyes\go-recipes\go-recipes-master\ch05\log\main.go
D:\dbt\01\git\gobyes\go-recipes\go-recipes-master\ch05\simplelog\main.go
D:\dbt\01\git\gobyes\go-recipes\go-recipes-master\ch06\influx\main.go
D:\dbt\01\git\gobyes\go-recipes\go-recipes-master\ch06\mongo\bookmark_store.go
D:\dbt\01\git\gobyes\go-recipes\go-recipes-master\ch06\mongo\main.go
D:\dbt\01\git\gobyes\go-recipes\go-recipes-master\ch06\postgres\main.go
D:\dbt\01\git\gobyes\go-recipes\go-recipes-master\ch06\rethink\bookmark_store.go
D:\dbt\01\git\gobyes\go-recipes\go-recipes-master\ch06\rethink\main.go
D:\dbt\01\git\gobyes\go-recipes\go-recipes-master\ch07\bookmarkapi\main.go
D:\dbt\01\git\gobyes\go-recipes\go-recipes-master\ch07\bookmarkapi\common\auth.go
D:\dbt\01\git\gobyes\go-recipes\go-recipes-master\ch07\bookmarkapi\common\bootstrapper.go
D:\dbt\01\git\gobyes\go-recipes\go-recipes-master\ch07\bookmarkapi\common\logger.go
D:\dbt\01\git\gobyes\go-recipes\go-recipes-master\ch07\bookmarkapi\common\mongo_utils.go
D:\dbt\01\git\gobyes\go-recipes\go-recipes-master\ch07\bookmarkapi\common\utils.go
D:\dbt\01\git\gobyes\go-recipes\go-recipes-master\ch07\bookmarkapi\controllers\bookmark_controller.go
D:\dbt\01\git\gobyes\go-recipes\go-recipes-master\ch07\bookmarkapi\controllers\resources.go
D:\dbt\01\git\gobyes\go-recipes\go-recipes-master\ch07\bookmarkapi\controllers\user_controller.go
D:\dbt\01\git\gobyes\go-recipes\go-recipes-master\ch07\bookmarkapi\model\models.go
D:\dbt\01\git\gobyes\go-recipes\go-recipes-master\ch07\bookmarkapi\routers\bookmark.go
D:\dbt\01\git\gobyes\go-recipes\go-recipes-master\ch07\bookmarkapi\routers\routers.go
D:\dbt\01\git\gobyes\go-recipes\go-recipes-master\ch07\bookmarkapi\routers\user.go
D:\dbt\01\git\gobyes\go-recipes\go-recipes-master\ch07\bookmarkapi\store\bookmark_store.go
D:\dbt\01\git\gobyes\go-recipes\go-recipes-master\ch07\bookmarkapi\store\user_store.go
D:\dbt\01\git\gobyes\go-recipes\go-recipes-master\ch07\customhandler\main.go
D:\dbt\01\git\gobyes\go-recipes\go-recipes-master\ch07\defaultservemux\main.go
D:\dbt\01\git\gobyes\go-recipes\go-recipes-master\ch07\handlefunc\main.go
D:\dbt\01\git\gobyes\go-recipes\go-recipes-master\ch07\handlerfunc\main.go
D:\dbt\01\git\gobyes\go-recipes\go-recipes-master\ch07\httpserver\main.go
D:\dbt\01\git\gobyes\go-recipes\go-recipes-master\ch07\middleware\main.go
D:\dbt\01\git\gobyes\go-recipes\go-recipes-master\ch07\server\main.go
D:\dbt\01\git\gobyes\go-recipes\go-recipes-master\ch08\calc\calc.go
D:\dbt\01\git\gobyes\go-recipes\go-recipes-master\ch08\calc\calc_test.go
D:\dbt\01\git\gobyes\go-recipes\go-recipes-master\ch08\httpbdd\main.go
D:\dbt\01\git\gobyes\go-recipes\go-recipes-master\ch08\httpbdd\controllers\controllers_suite_test.go
D:\dbt\01\git\gobyes\go-recipes\go-recipes-master\ch08\httpbdd\controllers\user_controller.go
D:\dbt\01\git\gobyes\go-recipes\go-recipes-master\ch08\httpbdd\controllers\user_controller_test.go
D:\dbt\01\git\gobyes\go-recipes\go-recipes-master\ch08\httpbdd\model\user.go
D:\dbt\01\git\gobyes\go-recipes\go-recipes-master\ch08\httpbdd\store\user_store.go
D:\dbt\01\git\gobyes\go-recipes\go-recipes-master\ch08\httptest\main.go
D:\dbt\01\git\gobyes\go-recipes\go-recipes-master\ch08\httptest\main_test.go
D:\dbt\01\git\gobyes\gobyexample\examples\arrays\arrays.go
D:\dbt\01\git\gobyes\gobyexample\examples\atomic-counters\atomic-counters.go
D:\dbt\01\git\gobyes\gobyexample\examples\base64-encoding\base64-encoding.go
D:\dbt\01\git\gobyes\gobyexample\examples\channel-buffering\channel-buffering.go
D:\dbt\01\git\gobyes\gobyexample\examples\channel-directions\channel-directions.go
D:\dbt\01\git\gobyes\gobyexample\examples\channel-synchronization\channel-synchronization.go
D:\dbt\01\git\gobyes\gobyexample\examples\channels\channels.go
D:\dbt\01\git\gobyes\gobyexample\examples\closing-channels\closing-channels.go
D:\dbt\01\git\gobyes\gobyexample\examples\closures\closures.go
D:\dbt\01\git\gobyes\gobyexample\examples\collection-functions\collection-functions.go
D:\dbt\01\git\gobyes\gobyexample\examples\command-line-arguments\command-line-arguments.go
D:\dbt\01\git\gobyes\gobyexample\examples\command-line-flags\command-line-flags.go
D:\dbt\01\git\gobyes\gobyexample\examples\constants\constants.go
D:\dbt\01\git\gobyes\gobyexample\examples\defer\defer.go
D:\dbt\01\git\gobyes\gobyexample\examples\environment-variables\environment-variables.go
D:\dbt\01\git\gobyes\gobyexample\examples\epoch\epoch.go
D:\dbt\01\git\gobyes\gobyexample\examples\errors\errors.go
D:\dbt\01\git\gobyes\gobyexample\examples\execing-processes\execing-processes.go
D:\dbt\01\git\gobyes\gobyexample\examples\exit\exit.go
D:\dbt\01\git\gobyes\gobyexample\examples\for\for.go
D:\dbt\01\git\gobyes\gobyexample\examples\functions\functions.go
D:\dbt\01\git\gobyes\gobyexample\examples\goroutines\goroutines.go
D:\dbt\01\git\gobyes\gobyexample\examples\hello-world\hello-world.go
D:\dbt\01\git\gobyes\gobyexample\examples\if-else\if-else.go
D:\dbt\01\git\gobyes\gobyexample\examples\interfaces\interfaces.go
D:\dbt\01\git\gobyes\gobyexample\examples\json\json.go
D:\dbt\01\git\gobyes\gobyexample\examples\line-filters\line-filters.go
D:\dbt\01\git\gobyes\gobyexample\examples\maps\maps.go
D:\dbt\01\git\gobyes\gobyexample\examples\methods\methods.go
D:\dbt\01\git\gobyes\gobyexample\examples\multiple-return-values\multiple-return-values.go
D:\dbt\01\git\gobyes\gobyexample\examples\mutexes\mutexes.go
D:\dbt\01\git\gobyes\gobyexample\examples\non-blocking-channel-operations\non-blocking-channel-operations.go
D:\dbt\01\git\gobyes\gobyexample\examples\number-parsing\number-parsing.go
D:\dbt\01\git\gobyes\gobyexample\examples\panic\panic.go
D:\dbt\01\git\gobyes\gobyexample\examples\pointers\pointers.go
D:\dbt\01\git\gobyes\gobyexample\examples\random-numbers\random-numbers.go
D:\dbt\01\git\gobyes\gobyexample\examples\range\range.go
D:\dbt\01\git\gobyes\gobyexample\examples\range-over-channels\range-over-channels.go
D:\dbt\01\git\gobyes\gobyexample\examples\rate-limiting\rate-limiting.go
D:\dbt\01\git\gobyes\gobyexample\examples\reading-files\reading-files.go
D:\dbt\01\git\gobyes\gobyexample\examples\recursion\recursion.go
D:\dbt\01\git\gobyes\gobyexample\examples\regular-expressions\regular-expressions.go
D:\dbt\01\git\gobyes\gobyexample\examples\select\select.go
D:\dbt\01\git\gobyes\gobyexample\examples\sha1-hashes\sha1-hashes.go
D:\dbt\01\git\gobyes\gobyexample\examples\signals\signals.go
D:\dbt\01\git\gobyes\gobyexample\examples\slices\slices.go
D:\dbt\01\git\gobyes\gobyexample\examples\sorting\sorting.go
D:\dbt\01\git\gobyes\gobyexample\examples\sorting-by-functions\sorting-by-functions.go
D:\dbt\01\git\gobyes\gobyexample\examples\spawning-processes\spawning-processes.go
D:\dbt\01\git\gobyes\gobyexample\examples\stateful-goroutines\stateful-goroutines.go
D:\dbt\01\git\gobyes\gobyexample\examples\string-formatting\string-formatting.go
D:\dbt\01\git\gobyes\gobyexample\examples\string-functions\string-functions.go
D:\dbt\01\git\gobyes\gobyexample\examples\structs\structs.go
D:\dbt\01\git\gobyes\gobyexample\examples\switch\switch.go
D:\dbt\01\git\gobyes\gobyexample\examples\tickers\tickers.go
D:\dbt\01\git\gobyes\gobyexample\examples\time\time.go
D:\dbt\01\git\gobyes\gobyexample\examples\time-formatting-parsing\time-formatting-parsing.go
D:\dbt\01\git\gobyes\gobyexample\examples\timeouts\timeouts.go
D:\dbt\01\git\gobyes\gobyexample\examples\timers\timers.go
D:\dbt\01\git\gobyes\gobyexample\examples\url-parsing\url-parsing.go
D:\dbt\01\git\gobyes\gobyexample\examples\values\values.go
D:\dbt\01\git\gobyes\gobyexample\examples\variables\variables.go
D:\dbt\01\git\gobyes\gobyexample\examples\variadic-functions\variadic-functions.go
D:\dbt\01\git\gobyes\gobyexample\examples\worker-pools\worker-pools.go
D:\dbt\01\git\gobyes\gobyexample\examples\writing-files\writing-files.go
D:\dbt\01\git\gobyes\gobyexample\tools\generate.go
D:\dbt\01\git\gobyes\gobyexample\tools\measure.go
D:\dbt\01\git\gobyes\gobyexample\vendor\pygments\tests\examplefiles\unicode.go
D:\dbt\01\git\gobyes\golang-examples\advanced\advancedimport.go
D:\dbt\01\git\gobyes\golang-examples\advanced\aesgcm.go
D:\dbt\01\git\gobyes\golang-examples\advanced\bcrypt.go
D:\dbt\01\git\gobyes\golang-examples\advanced\channel.go
D:\dbt\01\git\gobyes\golang-examples\advanced\compress.go
D:\dbt\01\git\gobyes\golang-examples\advanced\compress2.go
D:\dbt\01\git\gobyes\golang-examples\advanced\csv.go
D:\dbt\01\git\gobyes\golang-examples\advanced\debug.go
D:\dbt\01\git\gobyes\golang-examples\advanced\defaultoptional.go
D:\dbt\01\git\gobyes\golang-examples\advanced\deferpanic.go
D:\dbt\01\git\gobyes\golang-examples\advanced\deferpanic2.go
D:\dbt\01\git\gobyes\golang-examples\advanced\exec.go
D:\dbt\01\git\gobyes\golang-examples\advanced\fanin.go
D:\dbt\01\git\gobyes\golang-examples\advanced\fibonacci.go
D:\dbt\01\git\gobyes\golang-examples\advanced\file.go
D:\dbt\01\git\gobyes\golang-examples\advanced\functionanonymous.go
D:\dbt\01\git\gobyes\golang-examples\advanced\functionbyname.go
D:\dbt\01\git\gobyes\golang-examples\advanced\functioncallback.go
D:\dbt\01\git\gobyes\golang-examples\advanced\functionclosure.go
D:\dbt\01\git\gobyes\golang-examples\advanced\functionmain.go
D:\dbt\01\git\gobyes\golang-examples\advanced\functionvariadic.go
D:\dbt\01\git\gobyes\golang-examples\advanced\getchar.go
D:\dbt\01\git\gobyes\golang-examples\advanced\interface.go
D:\dbt\01\git\gobyes\golang-examples\advanced\in_array.go
D:\dbt\01\git\gobyes\golang-examples\advanced\iota.go
D:\dbt\01\git\gobyes\golang-examples\advanced\json.go
D:\dbt\01\git\gobyes\golang-examples\advanced\json2.go
D:\dbt\01\git\gobyes\golang-examples\advanced\json3.go
D:\dbt\01\git\gobyes\golang-examples\advanced\lifo.go
D:\dbt\01\git\gobyes\golang-examples\advanced\log.go
D:\dbt\01\git\gobyes\golang-examples\advanced\log2.go
D:\dbt\01\git\gobyes\golang-examples\advanced\monkeypatching.go
D:\dbt\01\git\gobyes\golang-examples\advanced\numbers.go
D:\dbt\01\git\gobyes\golang-examples\advanced\oop.go
D:\dbt\01\git\gobyes\golang-examples\advanced\packages.go
D:\dbt\01\git\gobyes\golang-examples\advanced\pcre.go
D:\dbt\01\git\gobyes\golang-examples\advanced\pipe.go
D:\dbt\01\git\gobyes\golang-examples\advanced\pointer.go
D:\dbt\01\git\gobyes\golang-examples\advanced\pointerperformace.go
D:\dbt\01\git\gobyes\golang-examples\advanced\prime.go
D:\dbt\01\git\gobyes\golang-examples\advanced\pythagoras.go
D:\dbt\01\git\gobyes\golang-examples\advanced\reader.go
D:\dbt\01\git\gobyes\golang-examples\advanced\regex.go
D:\dbt\01\git\gobyes\golang-examples\advanced\regex2.go
D:\dbt\01\git\gobyes\golang-examples\advanced\regex3.go
D:\dbt\01\git\gobyes\golang-examples\advanced\runtime.go
D:\dbt\01\git\gobyes\golang-examples\advanced\suicide.go
D:\dbt\01\git\gobyes\golang-examples\advanced\ticker.go
D:\dbt\01\git\gobyes\golang-examples\advanced\timeout.go
D:\dbt\01\git\gobyes\golang-examples\advanced\wait.go
D:\dbt\01\git\gobyes\golang-examples\advanced\wordsearch.go
D:\dbt\01\git\gobyes\golang-examples\advanced\packages\foobar.go
D:\dbt\01\git\gobyes\golang-examples\advanced\packages\lorem.go
D:\dbt\01\git\gobyes\golang-examples\advanced\packages\withInit\initialize.go
D:\dbt\01\git\gobyes\golang-examples\beginner\ackermann.go
D:\dbt\01\git\gobyes\golang-examples\beginner\args.go
D:\dbt\01\git\gobyes\golang-examples\beginner\array.go
D:\dbt\01\git\gobyes\golang-examples\beginner\cat.go
D:\dbt\01\git\gobyes\golang-examples\beginner\deleteFromSlice.go
D:\dbt\01\git\gobyes\golang-examples\beginner\dir.go
D:\dbt\01\git\gobyes\golang-examples\beginner\environment_var.go
D:\dbt\01\git\gobyes\golang-examples\beginner\euklid.go
D:\dbt\01\git\gobyes\golang-examples\beginner\fibonacci.go
D:\dbt\01\git\gobyes\golang-examples\beginner\fileserver.go
D:\dbt\01\git\gobyes\golang-examples\beginner\fizzbuzz.go
D:\dbt\01\git\gobyes\golang-examples\beginner\flag.go
D:\dbt\01\git\gobyes\golang-examples\beginner\for.go
D:\dbt\01\git\gobyes\golang-examples\beginner\foreach.go
D:\dbt\01\git\gobyes\golang-examples\beginner\function.go
D:\dbt\01\git\gobyes\golang-examples\beginner\functionvariadic.go
D:\dbt\01\git\gobyes\golang-examples\beginner\hashing.go
D:\dbt\01\git\gobyes\golang-examples\beginner\HelloWorld.go
D:\dbt\01\git\gobyes\golang-examples\beginner\HelloWorld2.go
D:\dbt\01\git\gobyes\golang-examples\beginner\HelloWorldShebang.go
D:\dbt\01\git\gobyes\golang-examples\beginner\http.go
D:\dbt\01\git\gobyes\golang-examples\beginner\if.go
D:\dbt\01\git\gobyes\golang-examples\beginner\if2.go
D:\dbt\01\git\gobyes\golang-examples\beginner\input.go
D:\dbt\01\git\gobyes\golang-examples\beginner\interfaces.go
D:\dbt\01\git\gobyes\golang-examples\beginner\modulo.go
D:\dbt\01\git\gobyes\golang-examples\beginner\printf.go
D:\dbt\01\git\gobyes\golang-examples\beginner\random.go
D:\dbt\01\git\gobyes\golang-examples\beginner\return.go
D:\dbt\01\git\gobyes\golang-examples\beginner\RoundRobinSchedulingAlgorithm.go
D:\dbt\01\git\gobyes\golang-examples\beginner\scan.go
D:\dbt\01\git\gobyes\golang-examples\beginner\shell.go
D:\dbt\01\git\gobyes\golang-examples\beginner\slice.go
D:\dbt\01\git\gobyes\golang-examples\beginner\sortingInGo.go
D:\dbt\01\git\gobyes\golang-examples\beginner\split.go
D:\dbt\01\git\gobyes\golang-examples\beginner\sum_of_digits.go
D:\dbt\01\git\gobyes\golang-examples\beginner\time.go
D:\dbt\01\git\gobyes\golang-examples\beginner\var.go
D:\dbt\01\git\gobyes\golang-examples\expert\assembly.go
D:\dbt\01\git\gobyes\golang-examples\expert\cgo.go
D:\dbt\01\git\gobyes\golang-examples\expert\color.go
D:\dbt\01\git\gobyes\golang-examples\expert\cookies.go
D:\dbt\01\git\gobyes\golang-examples\expert\dynparallel.go
D:\dbt\01\git\gobyes\golang-examples\expert\explorer.go
D:\dbt\01\git\gobyes\golang-examples\expert\gocomment.go
D:\dbt\01\git\gobyes\golang-examples\expert\gracefulstoppablehttpd.go
D:\dbt\01\git\gobyes\golang-examples\expert\httpd.go
D:\dbt\01\git\gobyes\golang-examples\expert\httpsd.go
D:\dbt\01\git\gobyes\golang-examples\expert\image.go
D:\dbt\01\git\gobyes\golang-examples\expert\label.go
D:\dbt\01\git\gobyes\golang-examples\expert\parallel.go
D:\dbt\01\git\gobyes\golang-examples\expert\pi2go.go
D:\dbt\01\git\gobyes\golang-examples\expert\ppk-crypto.go
D:\dbt\01\git\gobyes\golang-examples\expert\proxy.go
D:\dbt\01\git\gobyes\golang-examples\expert\scanvalue.go
D:\dbt\01\git\gobyes\golang-examples\expert\sqlite.go
D:\dbt\01\git\gobyes\golang-examples\expert\tcp.go
D:\dbt\01\git\gobyes\golang-examples\expert\telnet.go
D:\dbt\01\git\gobyes\golang-examples\expert\upload.go
D:\dbt\01\git\gobyes\golang-examples\expert\assembly\assembly.go
D:\dbt\01\git\gobyes\tour\content\content_test.go
D:\dbt\01\git\gobyes\tour\content\basics\basic-types.go
D:\dbt\01\git\gobyes\tour\content\basics\constants.go
D:\dbt\01\git\gobyes\tour\content\basics\exported-names.go
D:\dbt\01\git\gobyes\tour\content\basics\functions-continued.go
D:\dbt\01\git\gobyes\tour\content\basics\functions.go
D:\dbt\01\git\gobyes\tour\content\basics\imports.go
D:\dbt\01\git\gobyes\tour\content\basics\multiple-results.go
D:\dbt\01\git\gobyes\tour\content\basics\named-results.go
D:\dbt\01\git\gobyes\tour\content\basics\numeric-constants.go
D:\dbt\01\git\gobyes\tour\content\basics\packages.go
D:\dbt\01\git\gobyes\tour\content\basics\short-variable-declarations.go
D:\dbt\01\git\gobyes\tour\content\basics\type-conversions.go
D:\dbt\01\git\gobyes\tour\content\basics\type-inference.go
D:\dbt\01\git\gobyes\tour\content\basics\variables-with-initializers.go
D:\dbt\01\git\gobyes\tour\content\basics\variables.go
D:\dbt\01\git\gobyes\tour\content\basics\zero.go
D:\dbt\01\git\gobyes\tour\content\concurrency\buffered-channels.go
D:\dbt\01\git\gobyes\tour\content\concurrency\channels.go
D:\dbt\01\git\gobyes\tour\content\concurrency\default-selection.go
D:\dbt\01\git\gobyes\tour\content\concurrency\exercise-equivalent-binary-trees.go
D:\dbt\01\git\gobyes\tour\content\concurrency\exercise-web-crawler.go
D:\dbt\01\git\gobyes\tour\content\concurrency\goroutines.go
D:\dbt\01\git\gobyes\tour\content\concurrency\mutex-counter.go
D:\dbt\01\git\gobyes\tour\content\concurrency\range-and-close.go
D:\dbt\01\git\gobyes\tour\content\concurrency\select.go
D:\dbt\01\git\gobyes\tour\content\flowcontrol\defer-multi.go
D:\dbt\01\git\gobyes\tour\content\flowcontrol\defer.go
D:\dbt\01\git\gobyes\tour\content\flowcontrol\exercise-loops-and-functions.go
D:\dbt\01\git\gobyes\tour\content\flowcontrol\for-continued.go
D:\dbt\01\git\gobyes\tour\content\flowcontrol\for-is-gos-while.go
D:\dbt\01\git\gobyes\tour\content\flowcontrol\for.go
D:\dbt\01\git\gobyes\tour\content\flowcontrol\forever.go
D:\dbt\01\git\gobyes\tour\content\flowcontrol\if-and-else.go
D:\dbt\01\git\gobyes\tour\content\flowcontrol\if-with-a-short-statement.go
D:\dbt\01\git\gobyes\tour\content\flowcontrol\if.go
D:\dbt\01\git\gobyes\tour\content\flowcontrol\switch-evaluation-order.go
D:\dbt\01\git\gobyes\tour\content\flowcontrol\switch-with-no-condition.go
D:\dbt\01\git\gobyes\tour\content\flowcontrol\switch.go
D:\dbt\01\git\gobyes\tour\content\methods\empty-interface.go
D:\dbt\01\git\gobyes\tour\content\methods\errors.go
D:\dbt\01\git\gobyes\tour\content\methods\exercise-errors.go
D:\dbt\01\git\gobyes\tour\content\methods\exercise-images.go
D:\dbt\01\git\gobyes\tour\content\methods\exercise-reader.go
D:\dbt\01\git\gobyes\tour\content\methods\exercise-rot-reader.go
D:\dbt\01\git\gobyes\tour\content\methods\exercise-stringer.go
D:\dbt\01\git\gobyes\tour\content\methods\images.go
D:\dbt\01\git\gobyes\tour\content\methods\indirection-values.go
D:\dbt\01\git\gobyes\tour\content\methods\indirection.go
D:\dbt\01\git\gobyes\tour\content\methods\interface-values-with-nil.go
D:\dbt\01\git\gobyes\tour\content\methods\interface-values.go
D:\dbt\01\git\gobyes\tour\content\methods\interfaces-are-satisfied-implicitly.go
D:\dbt\01\git\gobyes\tour\content\methods\interfaces.go
D:\dbt\01\git\gobyes\tour\content\methods\methods-continued.go
D:\dbt\01\git\gobyes\tour\content\methods\methods-funcs.go
D:\dbt\01\git\gobyes\tour\content\methods\methods-pointers-explained.go
D:\dbt\01\git\gobyes\tour\content\methods\methods-pointers.go
D:\dbt\01\git\gobyes\tour\content\methods\methods-with-pointer-receivers.go
D:\dbt\01\git\gobyes\tour\content\methods\methods.go
D:\dbt\01\git\gobyes\tour\content\methods\nil-interface-values.go
D:\dbt\01\git\gobyes\tour\content\methods\reader.go
D:\dbt\01\git\gobyes\tour\content\methods\stringer.go
D:\dbt\01\git\gobyes\tour\content\methods\type-assertions.go
D:\dbt\01\git\gobyes\tour\content\methods\type-switches.go
D:\dbt\01\git\gobyes\tour\content\moretypes\append.go
D:\dbt\01\git\gobyes\tour\content\moretypes\array.go
D:\dbt\01\git\gobyes\tour\content\moretypes\exercise-fibonacci-closure.go
D:\dbt\01\git\gobyes\tour\content\moretypes\exercise-maps.go
D:\dbt\01\git\gobyes\tour\content\moretypes\exercise-slices.go
D:\dbt\01\git\gobyes\tour\content\moretypes\function-closures.go
D:\dbt\01\git\gobyes\tour\content\moretypes\function-values.go
D:\dbt\01\git\gobyes\tour\content\moretypes\making-slices.go
D:\dbt\01\git\gobyes\tour\content\moretypes\map-literals-continued.go
D:\dbt\01\git\gobyes\tour\content\moretypes\map-literals.go
D:\dbt\01\git\gobyes\tour\content\moretypes\maps.go
D:\dbt\01\git\gobyes\tour\content\moretypes\mutating-maps.go
D:\dbt\01\git\gobyes\tour\content\moretypes\nil-slices.go
D:\dbt\01\git\gobyes\tour\content\moretypes\pointers.go
D:\dbt\01\git\gobyes\tour\content\moretypes\range-continued.go
D:\dbt\01\git\gobyes\tour\content\moretypes\range.go
D:\dbt\01\git\gobyes\tour\content\moretypes\slice-bounds.go
D:\dbt\01\git\gobyes\tour\content\moretypes\slice-len-cap.go
D:\dbt\01\git\gobyes\tour\content\moretypes\slice-literals.go
D:\dbt\01\git\gobyes\tour\content\moretypes\slices-of-slice.go
D:\dbt\01\git\gobyes\tour\content\moretypes\slices-pointers.go
D:\dbt\01\git\gobyes\tour\content\moretypes\slices.go
D:\dbt\01\git\gobyes\tour\content\moretypes\struct-fields.go
D:\dbt\01\git\gobyes\tour\content\moretypes\struct-literals.go
D:\dbt\01\git\gobyes\tour\content\moretypes\struct-pointers.go
D:\dbt\01\git\gobyes\tour\content\moretypes\structs.go
D:\dbt\01\git\gobyes\tour\content\welcome\hello.go
D:\dbt\01\git\gobyes\tour\content\welcome\sandbox.go
D:\dbt\01\git\gobyes\tour\gotour\appengine.go
D:\dbt\01\git\gobyes\tour\gotour\fmt.go
D:\dbt\01\git\gobyes\tour\gotour\local.go
D:\dbt\01\git\gobyes\tour\gotour\tour.go
D:\dbt\01\git\gobyes\tour\pic\pic.go
D:\dbt\01\git\gobyes\tour\reader\validate.go
D:\dbt\01\git\gobyes\tour\solutions\binarytrees.go
D:\dbt\01\git\gobyes\tour\solutions\binarytrees_quit.go
D:\dbt\01\git\gobyes\tour\solutions\errors.go
D:\dbt\01\git\gobyes\tour\solutions\fib.go
D:\dbt\01\git\gobyes\tour\solutions\http.go
D:\dbt\01\git\gobyes\tour\solutions\image.go
D:\dbt\01\git\gobyes\tour\solutions\loops.go
D:\dbt\01\git\gobyes\tour\solutions\maps.go
D:\dbt\01\git\gobyes\tour\solutions\readers.go
D:\dbt\01\git\gobyes\tour\solutions\rot13.go
D:\dbt\01\git\gobyes\tour\solutions\slices.go
D:\dbt\01\git\gobyes\tour\solutions\stringers.go
D:\dbt\01\git\gobyes\tour\solutions\webcrawler.go
D:\dbt\01\git\gobyes\tour\tree\tree.go
D:\dbt\01\git\gobyes\tour\wc\wc.go
D:\dbt\01\git\gobyes\working-with-go\01-hello.go
D:\dbt\01\git\gobyes\working-with-go\02-working-with-strings.go
D:\dbt\01\git\gobyes\working-with-go\03-working-with-slices.go
D:\dbt\01\git\gobyes\working-with-go\04-functions.go
D:\dbt\01\git\gobyes\working-with-go\05-control-structures.go
D:\dbt\01\git\gobyes\working-with-go\06-for-loops.go
D:\dbt\01\git\gobyes\working-with-go\07-read-write-file.go
D:\dbt\01\git\gobyes\working-with-go\08-read-write-file-two.go
D:\dbt\01\git\gobyes\working-with-go\09-read-dir-recursive.go
D:\dbt\01\git\gobyes\working-with-go\10-object-oriented-example.go
D:\dbt\01\git\gobyes\working-with-go\11-command-line-args.go
D:\dbt\01\git\gobyes\working-with-go\12-time-date.go
D:\dbt\01\git\gobyes\working-with-go\13-sorting.go
D:\dbt\01\git\gobyes\working-with-go\14-json.go
D:\dbt\01\git\gobyes\working-with-go\15-web-server.go
D:\dbt\01\git\gobyes\working-with-go\16-random-numbers.go
D:\dbt\01\git\gobyes\working-with-go\17-guess-game.go
D:\dbt\01\git\gobyes\working-with-go\18-rest-api-fetch.go
D:\dbt\01\git\gobyes\working-with-go\19-regular-expressions.go
D:\dbt\01\git\gobyes\working-with-go\20-pointer.go
D:\dbt\01\git\gobyes\working-with-go\21-memcache-objects.go
D:\dbt\01\git\gobyes\working-with-go\22-goroutines.go
D:\dbt\01\git\gobyes\working-with-go\euler\euler01.go
D:\dbt\01\git\gobyes\working-with-go\euler\euler02.go
D:\dbt\01\git\gobyes\working-with-go\euler\euler03.go
D:\dbt\01\git\gobyes\working-with-go\euler\euler07.go
D:\dbt\01\git\gobyes\working-with-go\euler\euler08.go
D:\dbt\01\git\gobyes\working-with-go\euler\euler10.go
D:\dbt\01\git\gobyes\working-with-go\euler\euler27.go
D:\dbt\01\git\gobyes\working-with-go\euler\euler28.go
D:\dbt\01\git\gobyes\working-with-go\euler\euler29.go
D:\dbt\01\git\gobyes\working-with-go\euler\euler30.go
D:\dbt\01\git\gobyes\working-with-go\euler\euler31.go
D:\dbt\01\git\gobyes\working-with-go\euler\euler32.go
D:\dbt\01\git\gobyes\working-with-go\euler\euler34.go
D:\dbt\01\git\gobyes\working-with-go\euler\euler35.go
D:\dbt\01\git\gobyes\working-with-go\euler\euler41.go
D:\dbt\01\git\gobyes\working-with-go\euler\euler42.go
